2019-10-04 19:55:08 [scrapy.core.scraper] ERROR: Spider error processing <GET https://tech.china.com/articles/> (referer: None)
Traceback (most recent call last):
  File "/home/htwoo/anaconda3/lib/python3.7/site-packages/parsel/selector.py", line 238, in xpath
    **kwargs)
  File "src/lxml/etree.pyx", line 1581, in lxml.etree._Element.xpath
  File "src/lxml/xpath.pxi", line 305, in lxml.etree.XPathElementEvaluator.__call__
  File "src/lxml/xpath.pxi", line 225, in lxml.etree._XPathEvaluatorBase._handle_result
lxml.etree.XPathEvalError: Invalid predicate

During handling of the above exception, another exception occurred:

Traceback (most recent call last):
  File "/home/htwoo/anaconda3/lib/python3.7/site-packages/scrapy/utils/defer.py", line 102, in iter_errback
    yield next(it)
  File "/home/htwoo/anaconda3/lib/python3.7/site-packages/scrapy/spidermiddlewares/offsite.py", line 29, in process_spider_output
    for x in result:
  File "/home/htwoo/anaconda3/lib/python3.7/site-packages/scrapy/spidermiddlewares/referer.py", line 339, in <genexpr>
    return (_set_referer(r) for r in result or ())
  File "/home/htwoo/anaconda3/lib/python3.7/site-packages/scrapy/spidermiddlewares/urllength.py", line 37, in <genexpr>
    return (r for r in result or () if _filter(r))
  File "/home/htwoo/anaconda3/lib/python3.7/site-packages/scrapy/spidermiddlewares/depth.py", line 58, in <genexpr>
    return (r for r in result or () if _filter(r))
  File "/home/htwoo/anaconda3/lib/python3.7/site-packages/scrapy/spiders/crawl.py", line 82, in _parse_response
    for request_or_item in self._requests_to_follow(response):
  File "/home/htwoo/anaconda3/lib/python3.7/site-packages/scrapy/spiders/crawl.py", line 61, in _requests_to_follow
    links = [lnk for lnk in rule.link_extractor.extract_links(response)
  File "/home/htwoo/anaconda3/lib/python3.7/site-packages/scrapy/linkextractors/lxmlhtml.py", line 122, in extract_links
    for x in self.restrict_xpaths
  File "/home/htwoo/anaconda3/lib/python3.7/site-packages/scrapy/linkextractors/lxmlhtml.py", line 123, in <listcomp>
    for subdoc in response.xpath(x)]
  File "/home/htwoo/anaconda3/lib/python3.7/site-packages/scrapy/http/response/text.py", line 119, in xpath
    return self.selector.xpath(query, **kwargs)
  File "/home/htwoo/anaconda3/lib/python3.7/site-packages/parsel/selector.py", line 242, in xpath
    six.reraise(ValueError, ValueError(msg), sys.exc_info()[2])
  File "/home/htwoo/anaconda3/lib/python3.7/site-packages/six.py", line 692, in reraise
    raise value.with_traceback(tb)
  File "/home/htwoo/anaconda3/lib/python3.7/site-packages/parsel/selector.py", line 238, in xpath
    **kwargs)
  File "src/lxml/etree.pyx", line 1581, in lxml.etree._Element.xpath
  File "src/lxml/xpath.pxi", line 305, in lxml.etree.XPathElementEvaluator.__call__
  File "src/lxml/xpath.pxi", line 225, in lxml.etree._XPathEvaluatorBase._handle_result
ValueError: XPath error: Invalid predicate in //div[@id="left_side]//div[@class="con_item"]
2019-10-04 20:00:01 [scrapy.core.scraper] ERROR: Spider error processing <GET https://tech.china.com/article/20190926/kejiyuan0129375027.html> (referer: None)
Traceback (most recent call last):
  File "/home/htwoo/anaconda3/lib/python3.7/site-packages/scrapy/utils/defer.py", line 102, in iter_errback
    yield next(it)
  File "/home/htwoo/anaconda3/lib/python3.7/site-packages/scrapy/spidermiddlewares/offsite.py", line 29, in process_spider_output
    for x in result:
  File "/home/htwoo/anaconda3/lib/python3.7/site-packages/scrapy/spidermiddlewares/referer.py", line 339, in <genexpr>
    return (_set_referer(r) for r in result or ())
  File "/home/htwoo/anaconda3/lib/python3.7/site-packages/scrapy/spidermiddlewares/urllength.py", line 37, in <genexpr>
    return (r for r in result or () if _filter(r))
  File "/home/htwoo/anaconda3/lib/python3.7/site-packages/scrapy/spidermiddlewares/depth.py", line 58, in <genexpr>
    return (r for r in result or () if _filter(r))
  File "/home/htwoo/anaconda3/lib/python3.7/site-packages/scrapy/spiders/crawl.py", line 76, in _parse_response
    cb_res = callback(response, **cb_kwargs) or ()
  File "/home/htwoo/jupyter_notebook/scrapy_project/TechChina/TechChina/spiders/tech_china.py", line 19, in parse_item
    item['publish_time'] = response.xpath('//div[@id="chan_newsInfo"]/text()').re(r'\d{4}-\d{2}-\d{2}.*\d').extract_first()
AttributeError: 'list' object has no attribute 'extract_first'
2019-10-04 20:00:01 [scrapy.core.scraper] ERROR: Spider error processing <GET https://tech.china.com/article/20190517/20190517291579.html> (referer: None)
Traceback (most recent call last):
  File "/home/htwoo/anaconda3/lib/python3.7/site-packages/scrapy/utils/defer.py", line 102, in iter_errback
    yield next(it)
  File "/home/htwoo/anaconda3/lib/python3.7/site-packages/scrapy/spidermiddlewares/offsite.py", line 29, in process_spider_output
    for x in result:
  File "/home/htwoo/anaconda3/lib/python3.7/site-packages/scrapy/spidermiddlewares/referer.py", line 339, in <genexpr>
    return (_set_referer(r) for r in result or ())
  File "/home/htwoo/anaconda3/lib/python3.7/site-packages/scrapy/spidermiddlewares/urllength.py", line 37, in <genexpr>
    return (r for r in result or () if _filter(r))
  File "/home/htwoo/anaconda3/lib/python3.7/site-packages/scrapy/spidermiddlewares/depth.py", line 58, in <genexpr>
    return (r for r in result or () if _filter(r))
  File "/home/htwoo/anaconda3/lib/python3.7/site-packages/scrapy/spiders/crawl.py", line 76, in _parse_response
    cb_res = callback(response, **cb_kwargs) or ()
  File "/home/htwoo/jupyter_notebook/scrapy_project/TechChina/TechChina/spiders/tech_china.py", line 19, in parse_item
    item['publish_time'] = response.xpath('//div[@id="chan_newsInfo"]/text()').re(r'\d{4}-\d{2}-\d{2}.*\d').extract_first()
AttributeError: 'list' object has no attribute 'extract_first'
2019-10-04 20:00:01 [scrapy.core.scraper] ERROR: Spider error processing <GET https://tech.china.com/article/20190517/20190517291580.html> (referer: None)
Traceback (most recent call last):
  File "/home/htwoo/anaconda3/lib/python3.7/site-packages/scrapy/utils/defer.py", line 102, in iter_errback
    yield next(it)
  File "/home/htwoo/anaconda3/lib/python3.7/site-packages/scrapy/spidermiddlewares/offsite.py", line 29, in process_spider_output
    for x in result:
  File "/home/htwoo/anaconda3/lib/python3.7/site-packages/scrapy/spidermiddlewares/referer.py", line 339, in <genexpr>
    return (_set_referer(r) for r in result or ())
  File "/home/htwoo/anaconda3/lib/python3.7/site-packages/scrapy/spidermiddlewares/urllength.py", line 37, in <genexpr>
    return (r for r in result or () if _filter(r))
  File "/home/htwoo/anaconda3/lib/python3.7/site-packages/scrapy/spidermiddlewares/depth.py", line 58, in <genexpr>
    return (r for r in result or () if _filter(r))
  File "/home/htwoo/anaconda3/lib/python3.7/site-packages/scrapy/spiders/crawl.py", line 76, in _parse_response
    cb_res = callback(response, **cb_kwargs) or ()
  File "/home/htwoo/jupyter_notebook/scrapy_project/TechChina/TechChina/spiders/tech_china.py", line 19, in parse_item
    item['publish_time'] = response.xpath('//div[@id="chan_newsInfo"]/text()').re(r'\d{4}-\d{2}-\d{2}.*\d').extract_first()
AttributeError: 'list' object has no attribute 'extract_first'
2019-10-04 20:00:01 [scrapy.core.scraper] ERROR: Spider error processing <GET https://tech.china.com/article/20190516/20190516290828.html> (referer: None)
Traceback (most recent call last):
  File "/home/htwoo/anaconda3/lib/python3.7/site-packages/scrapy/utils/defer.py", line 102, in iter_errback
    yield next(it)
  File "/home/htwoo/anaconda3/lib/python3.7/site-packages/scrapy/spidermiddlewares/offsite.py", line 29, in process_spider_output
    for x in result:
  File "/home/htwoo/anaconda3/lib/python3.7/site-packages/scrapy/spidermiddlewares/referer.py", line 339, in <genexpr>
    return (_set_referer(r) for r in result or ())
  File "/home/htwoo/anaconda3/lib/python3.7/site-packages/scrapy/spidermiddlewares/urllength.py", line 37, in <genexpr>
    return (r for r in result or () if _filter(r))
  File "/home/htwoo/anaconda3/lib/python3.7/site-packages/scrapy/spidermiddlewares/depth.py", line 58, in <genexpr>
    return (r for r in result or () if _filter(r))
  File "/home/htwoo/anaconda3/lib/python3.7/site-packages/scrapy/spiders/crawl.py", line 76, in _parse_response
    cb_res = callback(response, **cb_kwargs) or ()
  File "/home/htwoo/jupyter_notebook/scrapy_project/TechChina/TechChina/spiders/tech_china.py", line 19, in parse_item
    item['publish_time'] = response.xpath('//div[@id="chan_newsInfo"]/text()').re(r'\d{4}-\d{2}-\d{2}.*\d').extract_first()
AttributeError: 'list' object has no attribute 'extract_first'
2019-10-04 20:00:02 [scrapy.core.scraper] ERROR: Spider error processing <GET https://tech.china.com/article/20190520/20190520293312.html> (referer: None)
Traceback (most recent call last):
  File "/home/htwoo/anaconda3/lib/python3.7/site-packages/scrapy/utils/defer.py", line 102, in iter_errback
    yield next(it)
  File "/home/htwoo/anaconda3/lib/python3.7/site-packages/scrapy/spidermiddlewares/offsite.py", line 29, in process_spider_output
    for x in result:
  File "/home/htwoo/anaconda3/lib/python3.7/site-packages/scrapy/spidermiddlewares/referer.py", line 339, in <genexpr>
    return (_set_referer(r) for r in result or ())
  File "/home/htwoo/anaconda3/lib/python3.7/site-packages/scrapy/spidermiddlewares/urllength.py", line 37, in <genexpr>
    return (r for r in result or () if _filter(r))
  File "/home/htwoo/anaconda3/lib/python3.7/site-packages/scrapy/spidermiddlewares/depth.py", line 58, in <genexpr>
    return (r for r in result or () if _filter(r))
  File "/home/htwoo/anaconda3/lib/python3.7/site-packages/scrapy/spiders/crawl.py", line 76, in _parse_response
    cb_res = callback(response, **cb_kwargs) or ()
  File "/home/htwoo/jupyter_notebook/scrapy_project/TechChina/TechChina/spiders/tech_china.py", line 19, in parse_item
    item['publish_time'] = response.xpath('//div[@id="chan_newsInfo"]/text()').re(r'\d{4}-\d{2}-\d{2}.*\d').extract_first()
AttributeError: 'list' object has no attribute 'extract_first'
2019-10-04 20:00:02 [scrapy.core.scraper] ERROR: Spider error processing <GET https://tech.china.com/article/20190516/20190516291365.html> (referer: None)
Traceback (most recent call last):
  File "/home/htwoo/anaconda3/lib/python3.7/site-packages/scrapy/utils/defer.py", line 102, in iter_errback
    yield next(it)
  File "/home/htwoo/anaconda3/lib/python3.7/site-packages/scrapy/spidermiddlewares/offsite.py", line 29, in process_spider_output
    for x in result:
  File "/home/htwoo/anaconda3/lib/python3.7/site-packages/scrapy/spidermiddlewares/referer.py", line 339, in <genexpr>
    return (_set_referer(r) for r in result or ())
  File "/home/htwoo/anaconda3/lib/python3.7/site-packages/scrapy/spidermiddlewares/urllength.py", line 37, in <genexpr>
    return (r for r in result or () if _filter(r))
  File "/home/htwoo/anaconda3/lib/python3.7/site-packages/scrapy/spidermiddlewares/depth.py", line 58, in <genexpr>
    return (r for r in result or () if _filter(r))
  File "/home/htwoo/anaconda3/lib/python3.7/site-packages/scrapy/spiders/crawl.py", line 76, in _parse_response
    cb_res = callback(response, **cb_kwargs) or ()
  File "/home/htwoo/jupyter_notebook/scrapy_project/TechChina/TechChina/spiders/tech_china.py", line 19, in parse_item
    item['publish_time'] = response.xpath('//div[@id="chan_newsInfo"]/text()').re(r'\d{4}-\d{2}-\d{2}.*\d').extract_first()
AttributeError: 'list' object has no attribute 'extract_first'
2019-10-04 20:00:02 [scrapy.core.scraper] ERROR: Spider error processing <GET https://tech.china.com/article/20190515/20190515290484.html> (referer: None)
Traceback (most recent call last):
  File "/home/htwoo/anaconda3/lib/python3.7/site-packages/scrapy/utils/defer.py", line 102, in iter_errback
    yield next(it)
  File "/home/htwoo/anaconda3/lib/python3.7/site-packages/scrapy/spidermiddlewares/offsite.py", line 29, in process_spider_output
    for x in result:
  File "/home/htwoo/anaconda3/lib/python3.7/site-packages/scrapy/spidermiddlewares/referer.py", line 339, in <genexpr>
    return (_set_referer(r) for r in result or ())
  File "/home/htwoo/anaconda3/lib/python3.7/site-packages/scrapy/spidermiddlewares/urllength.py", line 37, in <genexpr>
    return (r for r in result or () if _filter(r))
  File "/home/htwoo/anaconda3/lib/python3.7/site-packages/scrapy/spidermiddlewares/depth.py", line 58, in <genexpr>
    return (r for r in result or () if _filter(r))
  File "/home/htwoo/anaconda3/lib/python3.7/site-packages/scrapy/spiders/crawl.py", line 76, in _parse_response
    cb_res = callback(response, **cb_kwargs) or ()
  File "/home/htwoo/jupyter_notebook/scrapy_project/TechChina/TechChina/spiders/tech_china.py", line 19, in parse_item
    item['publish_time'] = response.xpath('//div[@id="chan_newsInfo"]/text()').re(r'\d{4}-\d{2}-\d{2}.*\d').extract_first()
AttributeError: 'list' object has no attribute 'extract_first'
2019-10-04 20:00:02 [scrapy.core.scraper] ERROR: Spider error processing <GET https://tech.china.com/article/20190515/20190515290306.html> (referer: None)
Traceback (most recent call last):
  File "/home/htwoo/anaconda3/lib/python3.7/site-packages/scrapy/utils/defer.py", line 102, in iter_errback
    yield next(it)
  File "/home/htwoo/anaconda3/lib/python3.7/site-packages/scrapy/spidermiddlewares/offsite.py", line 29, in process_spider_output
    for x in result:
  File "/home/htwoo/anaconda3/lib/python3.7/site-packages/scrapy/spidermiddlewares/referer.py", line 339, in <genexpr>
    return (_set_referer(r) for r in result or ())
  File "/home/htwoo/anaconda3/lib/python3.7/site-packages/scrapy/spidermiddlewares/urllength.py", line 37, in <genexpr>
    return (r for r in result or () if _filter(r))
  File "/home/htwoo/anaconda3/lib/python3.7/site-packages/scrapy/spidermiddlewares/depth.py", line 58, in <genexpr>
    return (r for r in result or () if _filter(r))
  File "/home/htwoo/anaconda3/lib/python3.7/site-packages/scrapy/spiders/crawl.py", line 76, in _parse_response
    cb_res = callback(response, **cb_kwargs) or ()
  File "/home/htwoo/jupyter_notebook/scrapy_project/TechChina/TechChina/spiders/tech_china.py", line 19, in parse_item
    item['publish_time'] = response.xpath('//div[@id="chan_newsInfo"]/text()').re(r'\d{4}-\d{2}-\d{2}.*\d').extract_first()
AttributeError: 'list' object has no attribute 'extract_first'
2019-10-04 20:00:02 [scrapy.core.scraper] ERROR: Spider error processing <GET https://tech.china.com/article/20190517/20190517291578.html> (referer: None)
Traceback (most recent call last):
  File "/home/htwoo/anaconda3/lib/python3.7/site-packages/scrapy/utils/defer.py", line 102, in iter_errback
    yield next(it)
  File "/home/htwoo/anaconda3/lib/python3.7/site-packages/scrapy/spidermiddlewares/offsite.py", line 29, in process_spider_output
    for x in result:
  File "/home/htwoo/anaconda3/lib/python3.7/site-packages/scrapy/spidermiddlewares/referer.py", line 339, in <genexpr>
    return (_set_referer(r) for r in result or ())
  File "/home/htwoo/anaconda3/lib/python3.7/site-packages/scrapy/spidermiddlewares/urllength.py", line 37, in <genexpr>
    return (r for r in result or () if _filter(r))
  File "/home/htwoo/anaconda3/lib/python3.7/site-packages/scrapy/spidermiddlewares/depth.py", line 58, in <genexpr>
    return (r for r in result or () if _filter(r))
  File "/home/htwoo/anaconda3/lib/python3.7/site-packages/scrapy/spiders/crawl.py", line 76, in _parse_response
    cb_res = callback(response, **cb_kwargs) or ()
  File "/home/htwoo/jupyter_notebook/scrapy_project/TechChina/TechChina/spiders/tech_china.py", line 19, in parse_item
    item['publish_time'] = response.xpath('//div[@id="chan_newsInfo"]/text()').re(r'\d{4}-\d{2}-\d{2}.*\d').extract_first()
AttributeError: 'list' object has no attribute 'extract_first'
2019-10-04 20:00:02 [scrapy.core.scraper] ERROR: Spider error processing <GET https://tech.china.com/article/20190516/20190516290839.html> (referer: None)
Traceback (most recent call last):
  File "/home/htwoo/anaconda3/lib/python3.7/site-packages/scrapy/utils/defer.py", line 102, in iter_errback
    yield next(it)
  File "/home/htwoo/anaconda3/lib/python3.7/site-packages/scrapy/spidermiddlewares/offsite.py", line 29, in process_spider_output
    for x in result:
  File "/home/htwoo/anaconda3/lib/python3.7/site-packages/scrapy/spidermiddlewares/referer.py", line 339, in <genexpr>
    return (_set_referer(r) for r in result or ())
  File "/home/htwoo/anaconda3/lib/python3.7/site-packages/scrapy/spidermiddlewares/urllength.py", line 37, in <genexpr>
    return (r for r in result or () if _filter(r))
  File "/home/htwoo/anaconda3/lib/python3.7/site-packages/scrapy/spidermiddlewares/depth.py", line 58, in <genexpr>
    return (r for r in result or () if _filter(r))
  File "/home/htwoo/anaconda3/lib/python3.7/site-packages/scrapy/spiders/crawl.py", line 76, in _parse_response
    cb_res = callback(response, **cb_kwargs) or ()
  File "/home/htwoo/jupyter_notebook/scrapy_project/TechChina/TechChina/spiders/tech_china.py", line 19, in parse_item
    item['publish_time'] = response.xpath('//div[@id="chan_newsInfo"]/text()').re(r'\d{4}-\d{2}-\d{2}.*\d').extract_first()
AttributeError: 'list' object has no attribute 'extract_first'
2019-10-04 20:00:02 [scrapy.core.scraper] ERROR: Spider error processing <GET https://tech.china.com/article/20190516/20190516291009.html> (referer: None)
Traceback (most recent call last):
  File "/home/htwoo/anaconda3/lib/python3.7/site-packages/scrapy/utils/defer.py", line 102, in iter_errback
    yield next(it)
  File "/home/htwoo/anaconda3/lib/python3.7/site-packages/scrapy/spidermiddlewares/offsite.py", line 29, in process_spider_output
    for x in result:
  File "/home/htwoo/anaconda3/lib/python3.7/site-packages/scrapy/spidermiddlewares/referer.py", line 339, in <genexpr>
    return (_set_referer(r) for r in result or ())
  File "/home/htwoo/anaconda3/lib/python3.7/site-packages/scrapy/spidermiddlewares/urllength.py", line 37, in <genexpr>
    return (r for r in result or () if _filter(r))
  File "/home/htwoo/anaconda3/lib/python3.7/site-packages/scrapy/spidermiddlewares/depth.py", line 58, in <genexpr>
    return (r for r in result or () if _filter(r))
  File "/home/htwoo/anaconda3/lib/python3.7/site-packages/scrapy/spiders/crawl.py", line 76, in _parse_response
    cb_res = callback(response, **cb_kwargs) or ()
  File "/home/htwoo/jupyter_notebook/scrapy_project/TechChina/TechChina/spiders/tech_china.py", line 19, in parse_item
    item['publish_time'] = response.xpath('//div[@id="chan_newsInfo"]/text()').re(r'\d{4}-\d{2}-\d{2}.*\d').extract_first()
AttributeError: 'list' object has no attribute 'extract_first'
2019-10-04 20:00:02 [scrapy.core.scraper] ERROR: Spider error processing <GET https://tech.china.com/article/20190517/20190517291583.html> (referer: None)
Traceback (most recent call last):
  File "/home/htwoo/anaconda3/lib/python3.7/site-packages/scrapy/utils/defer.py", line 102, in iter_errback
    yield next(it)
  File "/home/htwoo/anaconda3/lib/python3.7/site-packages/scrapy/spidermiddlewares/offsite.py", line 29, in process_spider_output
    for x in result:
  File "/home/htwoo/anaconda3/lib/python3.7/site-packages/scrapy/spidermiddlewares/referer.py", line 339, in <genexpr>
    return (_set_referer(r) for r in result or ())
  File "/home/htwoo/anaconda3/lib/python3.7/site-packages/scrapy/spidermiddlewares/urllength.py", line 37, in <genexpr>
    return (r for r in result or () if _filter(r))
  File "/home/htwoo/anaconda3/lib/python3.7/site-packages/scrapy/spidermiddlewares/depth.py", line 58, in <genexpr>
    return (r for r in result or () if _filter(r))
  File "/home/htwoo/anaconda3/lib/python3.7/site-packages/scrapy/spiders/crawl.py", line 76, in _parse_response
    cb_res = callback(response, **cb_kwargs) or ()
  File "/home/htwoo/jupyter_notebook/scrapy_project/TechChina/TechChina/spiders/tech_china.py", line 19, in parse_item
    item['publish_time'] = response.xpath('//div[@id="chan_newsInfo"]/text()').re(r'\d{4}-\d{2}-\d{2}.*\d').extract_first()
AttributeError: 'list' object has no attribute 'extract_first'
2019-10-04 20:00:02 [scrapy.core.scraper] ERROR: Spider error processing <GET https://tech.china.com/article/20190521/20190521293929.html> (referer: None)
Traceback (most recent call last):
  File "/home/htwoo/anaconda3/lib/python3.7/site-packages/scrapy/utils/defer.py", line 102, in iter_errback
    yield next(it)
  File "/home/htwoo/anaconda3/lib/python3.7/site-packages/scrapy/spidermiddlewares/offsite.py", line 29, in process_spider_output
    for x in result:
  File "/home/htwoo/anaconda3/lib/python3.7/site-packages/scrapy/spidermiddlewares/referer.py", line 339, in <genexpr>
    return (_set_referer(r) for r in result or ())
  File "/home/htwoo/anaconda3/lib/python3.7/site-packages/scrapy/spidermiddlewares/urllength.py", line 37, in <genexpr>
    return (r for r in result or () if _filter(r))
  File "/home/htwoo/anaconda3/lib/python3.7/site-packages/scrapy/spidermiddlewares/depth.py", line 58, in <genexpr>
    return (r for r in result or () if _filter(r))
  File "/home/htwoo/anaconda3/lib/python3.7/site-packages/scrapy/spiders/crawl.py", line 76, in _parse_response
    cb_res = callback(response, **cb_kwargs) or ()
  File "/home/htwoo/jupyter_notebook/scrapy_project/TechChina/TechChina/spiders/tech_china.py", line 19, in parse_item
    item['publish_time'] = response.xpath('//div[@id="chan_newsInfo"]/text()').re(r'\d{4}-\d{2}-\d{2}.*\d').extract_first()
AttributeError: 'list' object has no attribute 'extract_first'
2019-10-04 20:00:02 [scrapy.core.scraper] ERROR: Spider error processing <GET https://tech.china.com/article/20190517/20190517291581.html> (referer: None)
Traceback (most recent call last):
  File "/home/htwoo/anaconda3/lib/python3.7/site-packages/scrapy/utils/defer.py", line 102, in iter_errback
    yield next(it)
  File "/home/htwoo/anaconda3/lib/python3.7/site-packages/scrapy/spidermiddlewares/offsite.py", line 29, in process_spider_output
    for x in result:
  File "/home/htwoo/anaconda3/lib/python3.7/site-packages/scrapy/spidermiddlewares/referer.py", line 339, in <genexpr>
    return (_set_referer(r) for r in result or ())
  File "/home/htwoo/anaconda3/lib/python3.7/site-packages/scrapy/spidermiddlewares/urllength.py", line 37, in <genexpr>
    return (r for r in result or () if _filter(r))
  File "/home/htwoo/anaconda3/lib/python3.7/site-packages/scrapy/spidermiddlewares/depth.py", line 58, in <genexpr>
    return (r for r in result or () if _filter(r))
  File "/home/htwoo/anaconda3/lib/python3.7/site-packages/scrapy/spiders/crawl.py", line 76, in _parse_response
    cb_res = callback(response, **cb_kwargs) or ()
  File "/home/htwoo/jupyter_notebook/scrapy_project/TechChina/TechChina/spiders/tech_china.py", line 19, in parse_item
    item['publish_time'] = response.xpath('//div[@id="chan_newsInfo"]/text()').re(r'\d{4}-\d{2}-\d{2}.*\d').extract_first()
AttributeError: 'list' object has no attribute 'extract_first'
2019-10-04 20:00:02 [scrapy.core.scraper] ERROR: Spider error processing <GET https://tech.china.com/article/20190517/20190517291584.html> (referer: None)
Traceback (most recent call last):
  File "/home/htwoo/anaconda3/lib/python3.7/site-packages/scrapy/utils/defer.py", line 102, in iter_errback
    yield next(it)
  File "/home/htwoo/anaconda3/lib/python3.7/site-packages/scrapy/spidermiddlewares/offsite.py", line 29, in process_spider_output
    for x in result:
  File "/home/htwoo/anaconda3/lib/python3.7/site-packages/scrapy/spidermiddlewares/referer.py", line 339, in <genexpr>
    return (_set_referer(r) for r in result or ())
  File "/home/htwoo/anaconda3/lib/python3.7/site-packages/scrapy/spidermiddlewares/urllength.py", line 37, in <genexpr>
    return (r for r in result or () if _filter(r))
  File "/home/htwoo/anaconda3/lib/python3.7/site-packages/scrapy/spidermiddlewares/depth.py", line 58, in <genexpr>
    return (r for r in result or () if _filter(r))
  File "/home/htwoo/anaconda3/lib/python3.7/site-packages/scrapy/spiders/crawl.py", line 76, in _parse_response
    cb_res = callback(response, **cb_kwargs) or ()
  File "/home/htwoo/jupyter_notebook/scrapy_project/TechChina/TechChina/spiders/tech_china.py", line 19, in parse_item
    item['publish_time'] = response.xpath('//div[@id="chan_newsInfo"]/text()').re(r'\d{4}-\d{2}-\d{2}.*\d').extract_first()
AttributeError: 'list' object has no attribute 'extract_first'
2019-10-04 20:00:02 [scrapy.core.scraper] ERROR: Spider error processing <GET https://tech.china.com/article/20190517/20190517292022.html> (referer: None)
Traceback (most recent call last):
  File "/home/htwoo/anaconda3/lib/python3.7/site-packages/scrapy/utils/defer.py", line 102, in iter_errback
    yield next(it)
  File "/home/htwoo/anaconda3/lib/python3.7/site-packages/scrapy/spidermiddlewares/offsite.py", line 29, in process_spider_output
    for x in result:
  File "/home/htwoo/anaconda3/lib/python3.7/site-packages/scrapy/spidermiddlewares/referer.py", line 339, in <genexpr>
    return (_set_referer(r) for r in result or ())
  File "/home/htwoo/anaconda3/lib/python3.7/site-packages/scrapy/spidermiddlewares/urllength.py", line 37, in <genexpr>
    return (r for r in result or () if _filter(r))
  File "/home/htwoo/anaconda3/lib/python3.7/site-packages/scrapy/spidermiddlewares/depth.py", line 58, in <genexpr>
    return (r for r in result or () if _filter(r))
  File "/home/htwoo/anaconda3/lib/python3.7/site-packages/scrapy/spiders/crawl.py", line 76, in _parse_response
    cb_res = callback(response, **cb_kwargs) or ()
  File "/home/htwoo/jupyter_notebook/scrapy_project/TechChina/TechChina/spiders/tech_china.py", line 19, in parse_item
    item['publish_time'] = response.xpath('//div[@id="chan_newsInfo"]/text()').re(r'\d{4}-\d{2}-\d{2}.*\d').extract_first()
AttributeError: 'list' object has no attribute 'extract_first'
2019-10-04 20:00:02 [scrapy.core.scraper] ERROR: Spider error processing <GET https://tech.china.com/article/20190509/20190509286521.html> (referer: None)
Traceback (most recent call last):
  File "/home/htwoo/anaconda3/lib/python3.7/site-packages/scrapy/utils/defer.py", line 102, in iter_errback
    yield next(it)
  File "/home/htwoo/anaconda3/lib/python3.7/site-packages/scrapy/spidermiddlewares/offsite.py", line 29, in process_spider_output
    for x in result:
  File "/home/htwoo/anaconda3/lib/python3.7/site-packages/scrapy/spidermiddlewares/referer.py", line 339, in <genexpr>
    return (_set_referer(r) for r in result or ())
  File "/home/htwoo/anaconda3/lib/python3.7/site-packages/scrapy/spidermiddlewares/urllength.py", line 37, in <genexpr>
    return (r for r in result or () if _filter(r))
  File "/home/htwoo/anaconda3/lib/python3.7/site-packages/scrapy/spidermiddlewares/depth.py", line 58, in <genexpr>
    return (r for r in result or () if _filter(r))
  File "/home/htwoo/anaconda3/lib/python3.7/site-packages/scrapy/spiders/crawl.py", line 76, in _parse_response
    cb_res = callback(response, **cb_kwargs) or ()
  File "/home/htwoo/jupyter_notebook/scrapy_project/TechChina/TechChina/spiders/tech_china.py", line 19, in parse_item
    item['publish_time'] = response.xpath('//div[@id="chan_newsInfo"]/text()').re(r'\d{4}-\d{2}-\d{2}.*\d').extract_first()
AttributeError: 'list' object has no attribute 'extract_first'
2019-10-04 20:00:02 [scrapy.core.scraper] ERROR: Spider error processing <GET https://tech.china.com/article/20190625/kejiyuan0129316295.html> (referer: None)
Traceback (most recent call last):
  File "/home/htwoo/anaconda3/lib/python3.7/site-packages/scrapy/utils/defer.py", line 102, in iter_errback
    yield next(it)
  File "/home/htwoo/anaconda3/lib/python3.7/site-packages/scrapy/spidermiddlewares/offsite.py", line 29, in process_spider_output
    for x in result:
  File "/home/htwoo/anaconda3/lib/python3.7/site-packages/scrapy/spidermiddlewares/referer.py", line 339, in <genexpr>
    return (_set_referer(r) for r in result or ())
  File "/home/htwoo/anaconda3/lib/python3.7/site-packages/scrapy/spidermiddlewares/urllength.py", line 37, in <genexpr>
    return (r for r in result or () if _filter(r))
  File "/home/htwoo/anaconda3/lib/python3.7/site-packages/scrapy/spidermiddlewares/depth.py", line 58, in <genexpr>
    return (r for r in result or () if _filter(r))
  File "/home/htwoo/anaconda3/lib/python3.7/site-packages/scrapy/spiders/crawl.py", line 76, in _parse_response
    cb_res = callback(response, **cb_kwargs) or ()
  File "/home/htwoo/jupyter_notebook/scrapy_project/TechChina/TechChina/spiders/tech_china.py", line 19, in parse_item
    item['publish_time'] = response.xpath('//div[@id="chan_newsInfo"]/text()').re(r'\d{4}-\d{2}-\d{2}.*\d').extract_first()
AttributeError: 'list' object has no attribute 'extract_first'
2019-10-04 20:00:02 [scrapy.core.scraper] ERROR: Spider error processing <GET https://tech.china.com/article/20190509/kejiyuan0129286798.html> (referer: None)
Traceback (most recent call last):
  File "/home/htwoo/anaconda3/lib/python3.7/site-packages/scrapy/utils/defer.py", line 102, in iter_errback
    yield next(it)
  File "/home/htwoo/anaconda3/lib/python3.7/site-packages/scrapy/spidermiddlewares/offsite.py", line 29, in process_spider_output
    for x in result:
  File "/home/htwoo/anaconda3/lib/python3.7/site-packages/scrapy/spidermiddlewares/referer.py", line 339, in <genexpr>
    return (_set_referer(r) for r in result or ())
  File "/home/htwoo/anaconda3/lib/python3.7/site-packages/scrapy/spidermiddlewares/urllength.py", line 37, in <genexpr>
    return (r for r in result or () if _filter(r))
  File "/home/htwoo/anaconda3/lib/python3.7/site-packages/scrapy/spidermiddlewares/depth.py", line 58, in <genexpr>
    return (r for r in result or () if _filter(r))
  File "/home/htwoo/anaconda3/lib/python3.7/site-packages/scrapy/spiders/crawl.py", line 76, in _parse_response
    cb_res = callback(response, **cb_kwargs) or ()
  File "/home/htwoo/jupyter_notebook/scrapy_project/TechChina/TechChina/spiders/tech_china.py", line 19, in parse_item
    item['publish_time'] = response.xpath('//div[@id="chan_newsInfo"]/text()').re(r'\d{4}-\d{2}-\d{2}.*\d').extract_first()
AttributeError: 'list' object has no attribute 'extract_first'
2019-10-04 20:00:02 [scrapy.core.scraper] ERROR: Spider error processing <GET https://tech.china.com/article/20190820/kejiyuan0129349178.html> (referer: None)
Traceback (most recent call last):
  File "/home/htwoo/anaconda3/lib/python3.7/site-packages/scrapy/utils/defer.py", line 102, in iter_errback
    yield next(it)
  File "/home/htwoo/anaconda3/lib/python3.7/site-packages/scrapy/spidermiddlewares/offsite.py", line 29, in process_spider_output
    for x in result:
  File "/home/htwoo/anaconda3/lib/python3.7/site-packages/scrapy/spidermiddlewares/referer.py", line 339, in <genexpr>
    return (_set_referer(r) for r in result or ())
  File "/home/htwoo/anaconda3/lib/python3.7/site-packages/scrapy/spidermiddlewares/urllength.py", line 37, in <genexpr>
    return (r for r in result or () if _filter(r))
  File "/home/htwoo/anaconda3/lib/python3.7/site-packages/scrapy/spidermiddlewares/depth.py", line 58, in <genexpr>
    return (r for r in result or () if _filter(r))
  File "/home/htwoo/anaconda3/lib/python3.7/site-packages/scrapy/spiders/crawl.py", line 76, in _parse_response
    cb_res = callback(response, **cb_kwargs) or ()
  File "/home/htwoo/jupyter_notebook/scrapy_project/TechChina/TechChina/spiders/tech_china.py", line 19, in parse_item
    item['publish_time'] = response.xpath('//div[@id="chan_newsInfo"]/text()').re(r'\d{4}-\d{2}-\d{2}.*\d').extract_first()
AttributeError: 'list' object has no attribute 'extract_first'
2019-10-04 20:00:02 [scrapy.core.scraper] ERROR: Spider error processing <GET https://tech.china.com/article/20190614/kejiyuan0129309554.html> (referer: None)
Traceback (most recent call last):
  File "/home/htwoo/anaconda3/lib/python3.7/site-packages/scrapy/utils/defer.py", line 102, in iter_errback
    yield next(it)
  File "/home/htwoo/anaconda3/lib/python3.7/site-packages/scrapy/spidermiddlewares/offsite.py", line 29, in process_spider_output
    for x in result:
  File "/home/htwoo/anaconda3/lib/python3.7/site-packages/scrapy/spidermiddlewares/referer.py", line 339, in <genexpr>
    return (_set_referer(r) for r in result or ())
  File "/home/htwoo/anaconda3/lib/python3.7/site-packages/scrapy/spidermiddlewares/urllength.py", line 37, in <genexpr>
    return (r for r in result or () if _filter(r))
  File "/home/htwoo/anaconda3/lib/python3.7/site-packages/scrapy/spidermiddlewares/depth.py", line 58, in <genexpr>
    return (r for r in result or () if _filter(r))
  File "/home/htwoo/anaconda3/lib/python3.7/site-packages/scrapy/spiders/crawl.py", line 76, in _parse_response
    cb_res = callback(response, **cb_kwargs) or ()
  File "/home/htwoo/jupyter_notebook/scrapy_project/TechChina/TechChina/spiders/tech_china.py", line 19, in parse_item
    item['publish_time'] = response.xpath('//div[@id="chan_newsInfo"]/text()').re(r'\d{4}-\d{2}-\d{2}.*\d').extract_first()
AttributeError: 'list' object has no attribute 'extract_first'
2019-10-04 20:00:02 [scrapy.core.scraper] ERROR: Spider error processing <GET https://tech.china.com/article/20190514/20190514289794.html> (referer: None)
Traceback (most recent call last):
  File "/home/htwoo/anaconda3/lib/python3.7/site-packages/scrapy/utils/defer.py", line 102, in iter_errback
    yield next(it)
  File "/home/htwoo/anaconda3/lib/python3.7/site-packages/scrapy/spidermiddlewares/offsite.py", line 29, in process_spider_output
    for x in result:
  File "/home/htwoo/anaconda3/lib/python3.7/site-packages/scrapy/spidermiddlewares/referer.py", line 339, in <genexpr>
    return (_set_referer(r) for r in result or ())
  File "/home/htwoo/anaconda3/lib/python3.7/site-packages/scrapy/spidermiddlewares/urllength.py", line 37, in <genexpr>
    return (r for r in result or () if _filter(r))
  File "/home/htwoo/anaconda3/lib/python3.7/site-packages/scrapy/spidermiddlewares/depth.py", line 58, in <genexpr>
    return (r for r in result or () if _filter(r))
  File "/home/htwoo/anaconda3/lib/python3.7/site-packages/scrapy/spiders/crawl.py", line 76, in _parse_response
    cb_res = callback(response, **cb_kwargs) or ()
  File "/home/htwoo/jupyter_notebook/scrapy_project/TechChina/TechChina/spiders/tech_china.py", line 19, in parse_item
    item['publish_time'] = response.xpath('//div[@id="chan_newsInfo"]/text()').re(r'\d{4}-\d{2}-\d{2}.*\d').extract_first()
AttributeError: 'list' object has no attribute 'extract_first'
2019-10-04 20:00:02 [scrapy.core.scraper] ERROR: Spider error processing <GET https://tech.china.com/article/20190514/20190514289597.html> (referer: None)
Traceback (most recent call last):
  File "/home/htwoo/anaconda3/lib/python3.7/site-packages/scrapy/utils/defer.py", line 102, in iter_errback
    yield next(it)
  File "/home/htwoo/anaconda3/lib/python3.7/site-packages/scrapy/spidermiddlewares/offsite.py", line 29, in process_spider_output
    for x in result:
  File "/home/htwoo/anaconda3/lib/python3.7/site-packages/scrapy/spidermiddlewares/referer.py", line 339, in <genexpr>
    return (_set_referer(r) for r in result or ())
  File "/home/htwoo/anaconda3/lib/python3.7/site-packages/scrapy/spidermiddlewares/urllength.py", line 37, in <genexpr>
    return (r for r in result or () if _filter(r))
  File "/home/htwoo/anaconda3/lib/python3.7/site-packages/scrapy/spidermiddlewares/depth.py", line 58, in <genexpr>
    return (r for r in result or () if _filter(r))
  File "/home/htwoo/anaconda3/lib/python3.7/site-packages/scrapy/spiders/crawl.py", line 76, in _parse_response
    cb_res = callback(response, **cb_kwargs) or ()
  File "/home/htwoo/jupyter_notebook/scrapy_project/TechChina/TechChina/spiders/tech_china.py", line 19, in parse_item
    item['publish_time'] = response.xpath('//div[@id="chan_newsInfo"]/text()').re(r'\d{4}-\d{2}-\d{2}.*\d').extract_first()
AttributeError: 'list' object has no attribute 'extract_first'
2019-10-04 20:00:02 [scrapy.core.scraper] ERROR: Spider error processing <GET https://tech.china.com/article/20190627/kejiyuan0129317460.html> (referer: None)
Traceback (most recent call last):
  File "/home/htwoo/anaconda3/lib/python3.7/site-packages/scrapy/utils/defer.py", line 102, in iter_errback
    yield next(it)
  File "/home/htwoo/anaconda3/lib/python3.7/site-packages/scrapy/spidermiddlewares/offsite.py", line 29, in process_spider_output
    for x in result:
  File "/home/htwoo/anaconda3/lib/python3.7/site-packages/scrapy/spidermiddlewares/referer.py", line 339, in <genexpr>
    return (_set_referer(r) for r in result or ())
  File "/home/htwoo/anaconda3/lib/python3.7/site-packages/scrapy/spidermiddlewares/urllength.py", line 37, in <genexpr>
    return (r for r in result or () if _filter(r))
  File "/home/htwoo/anaconda3/lib/python3.7/site-packages/scrapy/spidermiddlewares/depth.py", line 58, in <genexpr>
    return (r for r in result or () if _filter(r))
  File "/home/htwoo/anaconda3/lib/python3.7/site-packages/scrapy/spiders/crawl.py", line 76, in _parse_response
    cb_res = callback(response, **cb_kwargs) or ()
  File "/home/htwoo/jupyter_notebook/scrapy_project/TechChina/TechChina/spiders/tech_china.py", line 19, in parse_item
    item['publish_time'] = response.xpath('//div[@id="chan_newsInfo"]/text()').re(r'\d{4}-\d{2}-\d{2}.*\d').extract_first()
AttributeError: 'list' object has no attribute 'extract_first'
2019-10-04 20:00:02 [scrapy.core.scraper] ERROR: Spider error processing <GET https://tech.china.com/article/20190823/kejiyuan0129351579.html> (referer: None)
Traceback (most recent call last):
  File "/home/htwoo/anaconda3/lib/python3.7/site-packages/scrapy/utils/defer.py", line 102, in iter_errback
    yield next(it)
  File "/home/htwoo/anaconda3/lib/python3.7/site-packages/scrapy/spidermiddlewares/offsite.py", line 29, in process_spider_output
    for x in result:
  File "/home/htwoo/anaconda3/lib/python3.7/site-packages/scrapy/spidermiddlewares/referer.py", line 339, in <genexpr>
    return (_set_referer(r) for r in result or ())
  File "/home/htwoo/anaconda3/lib/python3.7/site-packages/scrapy/spidermiddlewares/urllength.py", line 37, in <genexpr>
    return (r for r in result or () if _filter(r))
  File "/home/htwoo/anaconda3/lib/python3.7/site-packages/scrapy/spidermiddlewares/depth.py", line 58, in <genexpr>
    return (r for r in result or () if _filter(r))
  File "/home/htwoo/anaconda3/lib/python3.7/site-packages/scrapy/spiders/crawl.py", line 76, in _parse_response
    cb_res = callback(response, **cb_kwargs) or ()
  File "/home/htwoo/jupyter_notebook/scrapy_project/TechChina/TechChina/spiders/tech_china.py", line 19, in parse_item
    item['publish_time'] = response.xpath('//div[@id="chan_newsInfo"]/text()').re(r'\d{4}-\d{2}-\d{2}.*\d').extract_first()
AttributeError: 'list' object has no attribute 'extract_first'
2019-10-04 20:00:02 [scrapy.core.scraper] ERROR: Spider error processing <GET https://tech.china.com/article/20190605/kejiyuan0129304380.html> (referer: None)
Traceback (most recent call last):
  File "/home/htwoo/anaconda3/lib/python3.7/site-packages/scrapy/utils/defer.py", line 102, in iter_errback
    yield next(it)
  File "/home/htwoo/anaconda3/lib/python3.7/site-packages/scrapy/spidermiddlewares/offsite.py", line 29, in process_spider_output
    for x in result:
  File "/home/htwoo/anaconda3/lib/python3.7/site-packages/scrapy/spidermiddlewares/referer.py", line 339, in <genexpr>
    return (_set_referer(r) for r in result or ())
  File "/home/htwoo/anaconda3/lib/python3.7/site-packages/scrapy/spidermiddlewares/urllength.py", line 37, in <genexpr>
    return (r for r in result or () if _filter(r))
  File "/home/htwoo/anaconda3/lib/python3.7/site-packages/scrapy/spidermiddlewares/depth.py", line 58, in <genexpr>
    return (r for r in result or () if _filter(r))
  File "/home/htwoo/anaconda3/lib/python3.7/site-packages/scrapy/spiders/crawl.py", line 76, in _parse_response
    cb_res = callback(response, **cb_kwargs) or ()
  File "/home/htwoo/jupyter_notebook/scrapy_project/TechChina/TechChina/spiders/tech_china.py", line 19, in parse_item
    item['publish_time'] = response.xpath('//div[@id="chan_newsInfo"]/text()').re(r'\d{4}-\d{2}-\d{2}.*\d').extract_first()
AttributeError: 'list' object has no attribute 'extract_first'
2019-10-04 20:00:02 [scrapy.core.scraper] ERROR: Spider error processing <GET https://tech.china.com/article/20190614/kejiyuan0129309405.html> (referer: None)
Traceback (most recent call last):
  File "/home/htwoo/anaconda3/lib/python3.7/site-packages/scrapy/utils/defer.py", line 102, in iter_errback
    yield next(it)
  File "/home/htwoo/anaconda3/lib/python3.7/site-packages/scrapy/spidermiddlewares/offsite.py", line 29, in process_spider_output
    for x in result:
  File "/home/htwoo/anaconda3/lib/python3.7/site-packages/scrapy/spidermiddlewares/referer.py", line 339, in <genexpr>
    return (_set_referer(r) for r in result or ())
  File "/home/htwoo/anaconda3/lib/python3.7/site-packages/scrapy/spidermiddlewares/urllength.py", line 37, in <genexpr>
    return (r for r in result or () if _filter(r))
  File "/home/htwoo/anaconda3/lib/python3.7/site-packages/scrapy/spidermiddlewares/depth.py", line 58, in <genexpr>
    return (r for r in result or () if _filter(r))
  File "/home/htwoo/anaconda3/lib/python3.7/site-packages/scrapy/spiders/crawl.py", line 76, in _parse_response
    cb_res = callback(response, **cb_kwargs) or ()
  File "/home/htwoo/jupyter_notebook/scrapy_project/TechChina/TechChina/spiders/tech_china.py", line 19, in parse_item
    item['publish_time'] = response.xpath('//div[@id="chan_newsInfo"]/text()').re(r'\d{4}-\d{2}-\d{2}.*\d').extract_first()
AttributeError: 'list' object has no attribute 'extract_first'
2019-10-04 20:00:02 [scrapy.core.scraper] ERROR: Spider error processing <GET https://tech.china.com/article/20190619/kejiyuan0129312366.html> (referer: None)
Traceback (most recent call last):
  File "/home/htwoo/anaconda3/lib/python3.7/site-packages/scrapy/utils/defer.py", line 102, in iter_errback
    yield next(it)
  File "/home/htwoo/anaconda3/lib/python3.7/site-packages/scrapy/spidermiddlewares/offsite.py", line 29, in process_spider_output
    for x in result:
  File "/home/htwoo/anaconda3/lib/python3.7/site-packages/scrapy/spidermiddlewares/referer.py", line 339, in <genexpr>
    return (_set_referer(r) for r in result or ())
  File "/home/htwoo/anaconda3/lib/python3.7/site-packages/scrapy/spidermiddlewares/urllength.py", line 37, in <genexpr>
    return (r for r in result or () if _filter(r))
  File "/home/htwoo/anaconda3/lib/python3.7/site-packages/scrapy/spidermiddlewares/depth.py", line 58, in <genexpr>
    return (r for r in result or () if _filter(r))
  File "/home/htwoo/anaconda3/lib/python3.7/site-packages/scrapy/spiders/crawl.py", line 76, in _parse_response
    cb_res = callback(response, **cb_kwargs) or ()
  File "/home/htwoo/jupyter_notebook/scrapy_project/TechChina/TechChina/spiders/tech_china.py", line 19, in parse_item
    item['publish_time'] = response.xpath('//div[@id="chan_newsInfo"]/text()').re(r'\d{4}-\d{2}-\d{2}.*\d').extract_first()
AttributeError: 'list' object has no attribute 'extract_first'
2019-10-04 20:00:02 [scrapy.core.scraper] ERROR: Spider error processing <GET https://tech.china.com/article/20190902/kejiyuan0129357903.html> (referer: None)
Traceback (most recent call last):
  File "/home/htwoo/anaconda3/lib/python3.7/site-packages/scrapy/utils/defer.py", line 102, in iter_errback
    yield next(it)
  File "/home/htwoo/anaconda3/lib/python3.7/site-packages/scrapy/spidermiddlewares/offsite.py", line 29, in process_spider_output
    for x in result:
  File "/home/htwoo/anaconda3/lib/python3.7/site-packages/scrapy/spidermiddlewares/referer.py", line 339, in <genexpr>
    return (_set_referer(r) for r in result or ())
  File "/home/htwoo/anaconda3/lib/python3.7/site-packages/scrapy/spidermiddlewares/urllength.py", line 37, in <genexpr>
    return (r for r in result or () if _filter(r))
  File "/home/htwoo/anaconda3/lib/python3.7/site-packages/scrapy/spidermiddlewares/depth.py", line 58, in <genexpr>
    return (r for r in result or () if _filter(r))
  File "/home/htwoo/anaconda3/lib/python3.7/site-packages/scrapy/spiders/crawl.py", line 76, in _parse_response
    cb_res = callback(response, **cb_kwargs) or ()
  File "/home/htwoo/jupyter_notebook/scrapy_project/TechChina/TechChina/spiders/tech_china.py", line 19, in parse_item
    item['publish_time'] = response.xpath('//div[@id="chan_newsInfo"]/text()').re(r'\d{4}-\d{2}-\d{2}.*\d').extract_first()
AttributeError: 'list' object has no attribute 'extract_first'
2019-10-04 20:00:02 [scrapy.core.scraper] ERROR: Spider error processing <GET https://tech.china.com/article/20190829/kejiyuan0129355913.html> (referer: None)
Traceback (most recent call last):
  File "/home/htwoo/anaconda3/lib/python3.7/site-packages/scrapy/utils/defer.py", line 102, in iter_errback
    yield next(it)
  File "/home/htwoo/anaconda3/lib/python3.7/site-packages/scrapy/spidermiddlewares/offsite.py", line 29, in process_spider_output
    for x in result:
  File "/home/htwoo/anaconda3/lib/python3.7/site-packages/scrapy/spidermiddlewares/referer.py", line 339, in <genexpr>
    return (_set_referer(r) for r in result or ())
  File "/home/htwoo/anaconda3/lib/python3.7/site-packages/scrapy/spidermiddlewares/urllength.py", line 37, in <genexpr>
    return (r for r in result or () if _filter(r))
  File "/home/htwoo/anaconda3/lib/python3.7/site-packages/scrapy/spidermiddlewares/depth.py", line 58, in <genexpr>
    return (r for r in result or () if _filter(r))
  File "/home/htwoo/anaconda3/lib/python3.7/site-packages/scrapy/spiders/crawl.py", line 76, in _parse_response
    cb_res = callback(response, **cb_kwargs) or ()
  File "/home/htwoo/jupyter_notebook/scrapy_project/TechChina/TechChina/spiders/tech_china.py", line 19, in parse_item
    item['publish_time'] = response.xpath('//div[@id="chan_newsInfo"]/text()').re(r'\d{4}-\d{2}-\d{2}.*\d').extract_first()
AttributeError: 'list' object has no attribute 'extract_first'
