2019-10-03 14:26:04 [scrapy.utils.log] INFO: Scrapy 1.6.0 started (bot: mySpider)
2019-10-03 14:26:04 [scrapy.utils.log] INFO: Versions: lxml 4.4.1.0, libxml2 2.9.9, cssselect 1.1.0, parsel 1.5.2, w3lib 1.21.0, Twisted 19.7.0, Python 3.7.4 (default, Aug 13 2019, 20:35:49) - [GCC 7.3.0], pyOpenSSL 19.0.0 (OpenSSL 1.1.1d  10 Sep 2019), cryptography 2.7, Platform Linux-5.0.0-29-generic-x86_64-with-debian-buster-sid
2019-10-03 14:26:04 [scrapy.crawler] INFO: Overridden settings: {'BOT_NAME': 'mySpider', 'LOG_FILE': './itcast.log', 'NEWSPIDER_MODULE': 'mySpider.spiders', 'ROBOTSTXT_OBEY': True, 'SPIDER_MODULES': ['mySpider.spiders']}
2019-10-03 14:26:04 [scrapy.extensions.telnet] INFO: Telnet Password: cef463eab00db234
2019-10-03 14:26:04 [scrapy.middleware] INFO: Enabled extensions:
['scrapy.extensions.corestats.CoreStats',
 'scrapy.extensions.telnet.TelnetConsole',
 'scrapy.extensions.memusage.MemoryUsage',
 'scrapy.extensions.logstats.LogStats']
2019-10-03 14:26:04 [scrapy.middleware] INFO: Enabled downloader middlewares:
['scrapy.downloadermiddlewares.robotstxt.RobotsTxtMiddleware',
 'scrapy.downloadermiddlewares.httpauth.HttpAuthMiddleware',
 'scrapy.downloadermiddlewares.downloadtimeout.DownloadTimeoutMiddleware',
 'scrapy.downloadermiddlewares.defaultheaders.DefaultHeadersMiddleware',
 'scrapy.downloadermiddlewares.useragent.UserAgentMiddleware',
 'scrapy.downloadermiddlewares.retry.RetryMiddleware',
 'scrapy.downloadermiddlewares.redirect.MetaRefreshMiddleware',
 'scrapy.downloadermiddlewares.httpcompression.HttpCompressionMiddleware',
 'scrapy.downloadermiddlewares.redirect.RedirectMiddleware',
 'scrapy.downloadermiddlewares.cookies.CookiesMiddleware',
 'scrapy.downloadermiddlewares.httpproxy.HttpProxyMiddleware',
 'scrapy.downloadermiddlewares.stats.DownloaderStats']
2019-10-03 14:26:04 [scrapy.middleware] INFO: Enabled spider middlewares:
['scrapy.spidermiddlewares.httperror.HttpErrorMiddleware',
 'scrapy.spidermiddlewares.offsite.OffsiteMiddleware',
 'scrapy.spidermiddlewares.referer.RefererMiddleware',
 'scrapy.spidermiddlewares.urllength.UrlLengthMiddleware',
 'scrapy.spidermiddlewares.depth.DepthMiddleware']
2019-10-03 14:26:04 [scrapy.middleware] INFO: Enabled item pipelines:
['mySpider.pipelines.MyspiderPipeline']
2019-10-03 14:26:04 [scrapy.core.engine] INFO: Spider opened
2019-10-03 14:26:04 [scrapy.extensions.logstats] INFO: Crawled 0 pages (at 0 pages/min), scraped 0 items (at 0 items/min)
2019-10-03 14:26:04 [scrapy.extensions.telnet] INFO: Telnet console listening on 127.0.0.1:6025
2019-10-03 14:26:04 [scrapy.core.engine] DEBUG: Crawled (200) <GET http://www.itcast.cn/robots.txt> (referer: None)
2019-10-03 14:26:05 [scrapy.core.engine] DEBUG: Crawled (200) <GET http://www.itcast.cn/channel/teacher.shtml> (referer: None)
2019-10-03 14:26:05 [scrapy.core.scraper] DEBUG: Scraped from <200 http://www.itcast.cn/channel/teacher.shtml>
{'name': '朱老师', 'title': '高级讲师'}
2019-10-03 14:26:05 [scrapy.core.scraper] DEBUG: Scraped from <200 http://www.itcast.cn/channel/teacher.shtml>
{'name': '刘老师', 'title': '高级讲师'}
2019-10-03 14:26:05 [scrapy.core.scraper] DEBUG: Scraped from <200 http://www.itcast.cn/channel/teacher.shtml>
{'name': '刘老师', 'title': '高级讲师'}
2019-10-03 14:26:05 [scrapy.core.scraper] DEBUG: Scraped from <200 http://www.itcast.cn/channel/teacher.shtml>
{'name': '王老师', 'title': '高级讲师'}
2019-10-03 14:26:05 [scrapy.core.scraper] DEBUG: Scraped from <200 http://www.itcast.cn/channel/teacher.shtml>
{'name': '杜老师', 'title': '高级讲师'}
2019-10-03 14:26:05 [scrapy.core.scraper] DEBUG: Scraped from <200 http://www.itcast.cn/channel/teacher.shtml>
{'name': '苏老师', 'title': '高级讲师'}
2019-10-03 14:26:05 [scrapy.core.scraper] DEBUG: Scraped from <200 http://www.itcast.cn/channel/teacher.shtml>
{'name': '刘老师', 'title': '高级讲师'}
2019-10-03 14:26:05 [scrapy.core.scraper] DEBUG: Scraped from <200 http://www.itcast.cn/channel/teacher.shtml>
{'name': '张老师', 'title': '高级讲师'}
2019-10-03 14:26:05 [scrapy.core.scraper] DEBUG: Scraped from <200 http://www.itcast.cn/channel/teacher.shtml>
{'name': '王老师', 'title': '高级讲师'}
2019-10-03 14:26:05 [scrapy.core.scraper] DEBUG: Scraped from <200 http://www.itcast.cn/channel/teacher.shtml>
{'name': '韩老师', 'title': '高级讲师'}
2019-10-03 14:26:05 [scrapy.core.scraper] DEBUG: Scraped from <200 http://www.itcast.cn/channel/teacher.shtml>
{'name': ' 邓老师', 'title': '高级讲师'}
2019-10-03 14:26:05 [scrapy.core.scraper] DEBUG: Scraped from <200 http://www.itcast.cn/channel/teacher.shtml>
{'name': ' 梁老师', 'title': '高级讲师'}
2019-10-03 14:26:05 [scrapy.core.scraper] DEBUG: Scraped from <200 http://www.itcast.cn/channel/teacher.shtml>
{'name': '吴老师', 'title': '高级讲师'}
2019-10-03 14:26:05 [scrapy.core.scraper] DEBUG: Scraped from <200 http://www.itcast.cn/channel/teacher.shtml>
{'name': '吴老师', 'title': '高级讲师'}
2019-10-03 14:26:05 [scrapy.core.scraper] DEBUG: Scraped from <200 http://www.itcast.cn/channel/teacher.shtml>
{'name': '赵老师', 'title': '高级讲师'}
2019-10-03 14:26:05 [scrapy.core.scraper] DEBUG: Scraped from <200 http://www.itcast.cn/channel/teacher.shtml>
{'name': '曹老师', 'title': '高级讲师'}
2019-10-03 14:26:05 [scrapy.core.scraper] DEBUG: Scraped from <200 http://www.itcast.cn/channel/teacher.shtml>
{'name': '闻老师', 'title': '高级讲师'}
2019-10-03 14:26:05 [scrapy.core.scraper] DEBUG: Scraped from <200 http://www.itcast.cn/channel/teacher.shtml>
{'name': '许老师', 'title': '高级讲师'}
2019-10-03 14:26:05 [scrapy.core.scraper] DEBUG: Scraped from <200 http://www.itcast.cn/channel/teacher.shtml>
{'name': '赵老师', 'title': '高级讲师'}
2019-10-03 14:26:05 [scrapy.core.scraper] DEBUG: Scraped from <200 http://www.itcast.cn/channel/teacher.shtml>
{'name': ' 刘老师', 'title': '高级讲师'}
2019-10-03 14:26:05 [scrapy.core.scraper] DEBUG: Scraped from <200 http://www.itcast.cn/channel/teacher.shtml>
{'name': '张老师', 'title': '高级讲师'}
2019-10-03 14:26:05 [scrapy.core.scraper] DEBUG: Scraped from <200 http://www.itcast.cn/channel/teacher.shtml>
{'name': '赵老师', 'title': '高级讲师'}
2019-10-03 14:26:05 [scrapy.core.scraper] DEBUG: Scraped from <200 http://www.itcast.cn/channel/teacher.shtml>
{'name': '孟老师', 'title': '高级讲师'}
2019-10-03 14:26:05 [scrapy.core.scraper] DEBUG: Scraped from <200 http://www.itcast.cn/channel/teacher.shtml>
{'name': '毛老师', 'title': '高级讲师'}
2019-10-03 14:26:05 [scrapy.core.scraper] DEBUG: Scraped from <200 http://www.itcast.cn/channel/teacher.shtml>
{'name': '张老师', 'title': '高级讲师'}
2019-10-03 14:26:05 [scrapy.core.scraper] DEBUG: Scraped from <200 http://www.itcast.cn/channel/teacher.shtml>
{'name': '崔老师', 'title': '高级讲师'}
2019-10-03 14:26:05 [scrapy.core.scraper] DEBUG: Scraped from <200 http://www.itcast.cn/channel/teacher.shtml>
{'name': '汤老师', 'title': '高级讲师'}
2019-10-03 14:26:05 [scrapy.core.scraper] DEBUG: Scraped from <200 http://www.itcast.cn/channel/teacher.shtml>
{'name': '赵老师', 'title': '高级讲师'}
2019-10-03 14:26:05 [scrapy.core.scraper] DEBUG: Scraped from <200 http://www.itcast.cn/channel/teacher.shtml>
{'name': '娄老师', 'title': '高级讲师'}
2019-10-03 14:26:05 [scrapy.core.scraper] DEBUG: Scraped from <200 http://www.itcast.cn/channel/teacher.shtml>
{'name': '李老师', 'title': '高级讲师'}
2019-10-03 14:26:05 [scrapy.core.scraper] DEBUG: Scraped from <200 http://www.itcast.cn/channel/teacher.shtml>
{'name': '刘老师', 'title': '高级讲师'}
2019-10-03 14:26:05 [scrapy.core.scraper] DEBUG: Scraped from <200 http://www.itcast.cn/channel/teacher.shtml>
{'name': '钟老师', 'title': '高级讲师'}
2019-10-03 14:26:05 [scrapy.core.scraper] DEBUG: Scraped from <200 http://www.itcast.cn/channel/teacher.shtml>
{'name': '刘老师', 'title': '高级讲师'}
2019-10-03 14:26:05 [scrapy.core.scraper] DEBUG: Scraped from <200 http://www.itcast.cn/channel/teacher.shtml>
{'name': '梁老师', 'title': '高级讲师'}
2019-10-03 14:26:05 [scrapy.core.scraper] DEBUG: Scraped from <200 http://www.itcast.cn/channel/teacher.shtml>
{'name': '张老师', 'title': '高级讲师'}
2019-10-03 14:26:05 [scrapy.core.scraper] DEBUG: Scraped from <200 http://www.itcast.cn/channel/teacher.shtml>
{'name': '赵老师', 'title': '高级讲师'}
2019-10-03 14:26:05 [scrapy.core.scraper] DEBUG: Scraped from <200 http://www.itcast.cn/channel/teacher.shtml>
{'name': '徐老师', 'title': '高级讲师'}
2019-10-03 14:26:05 [scrapy.core.scraper] DEBUG: Scraped from <200 http://www.itcast.cn/channel/teacher.shtml>
{'name': '杜老师', 'title': '高级讲师'}
2019-10-03 14:26:05 [scrapy.core.scraper] DEBUG: Scraped from <200 http://www.itcast.cn/channel/teacher.shtml>
{'name': '饶老师', 'title': '高级讲师'}
2019-10-03 14:26:05 [scrapy.core.scraper] DEBUG: Scraped from <200 http://www.itcast.cn/channel/teacher.shtml>
{'name': '关老师', 'title': '高级讲师'}
2019-10-03 14:26:05 [scrapy.core.scraper] DEBUG: Scraped from <200 http://www.itcast.cn/channel/teacher.shtml>
{'name': '石老师', 'title': '高级讲师'}
2019-10-03 14:26:05 [scrapy.core.scraper] DEBUG: Scraped from <200 http://www.itcast.cn/channel/teacher.shtml>
{'name': '张老师', 'title': '高级讲师'}
2019-10-03 14:26:05 [scrapy.core.scraper] DEBUG: Scraped from <200 http://www.itcast.cn/channel/teacher.shtml>
{'name': '姜老师', 'title': '高级讲师'}
2019-10-03 14:26:05 [scrapy.core.scraper] DEBUG: Scraped from <200 http://www.itcast.cn/channel/teacher.shtml>
{'name': '杨老师', 'title': '高级讲师'}
2019-10-03 14:26:05 [scrapy.core.scraper] DEBUG: Scraped from <200 http://www.itcast.cn/channel/teacher.shtml>
{'name': '栾老师', 'title': '高级讲师'}
2019-10-03 14:26:05 [scrapy.core.scraper] DEBUG: Scraped from <200 http://www.itcast.cn/channel/teacher.shtml>
{'name': '谈老师', 'title': '高级讲师'}
2019-10-03 14:26:05 [scrapy.core.scraper] DEBUG: Scraped from <200 http://www.itcast.cn/channel/teacher.shtml>
{'name': '肖老师', 'title': '高级讲师'}
2019-10-03 14:26:05 [scrapy.core.scraper] DEBUG: Scraped from <200 http://www.itcast.cn/channel/teacher.shtml>
{'name': '袁老师', 'title': '高级讲师'}
2019-10-03 14:26:05 [scrapy.core.scraper] DEBUG: Scraped from <200 http://www.itcast.cn/channel/teacher.shtml>
{'name': '刘老师', 'title': '高级讲师'}
2019-10-03 14:26:05 [scrapy.core.scraper] DEBUG: Scraped from <200 http://www.itcast.cn/channel/teacher.shtml>
{'name': '唐老师', 'title': '高级讲师'}
2019-10-03 14:26:05 [scrapy.core.scraper] DEBUG: Scraped from <200 http://www.itcast.cn/channel/teacher.shtml>
{'name': '苗老师', 'title': '高级讲师'}
2019-10-03 14:26:05 [scrapy.core.scraper] DEBUG: Scraped from <200 http://www.itcast.cn/channel/teacher.shtml>
{'name': '王老师', 'title': '高级讲师'}
2019-10-03 14:26:05 [scrapy.core.scraper] DEBUG: Scraped from <200 http://www.itcast.cn/channel/teacher.shtml>
{'name': '徐老师', 'title': '高级讲师'}
2019-10-03 14:26:05 [scrapy.core.scraper] DEBUG: Scraped from <200 http://www.itcast.cn/channel/teacher.shtml>
{'name': '杨老师', 'title': '高级讲师'}
2019-10-03 14:26:05 [scrapy.core.scraper] DEBUG: Scraped from <200 http://www.itcast.cn/channel/teacher.shtml>
{'name': '谭老师', 'title': '高级讲师'}
2019-10-03 14:26:05 [scrapy.core.scraper] DEBUG: Scraped from <200 http://www.itcast.cn/channel/teacher.shtml>
{'name': '方老师', 'title': '高级讲师'}
2019-10-03 14:26:05 [scrapy.core.scraper] DEBUG: Scraped from <200 http://www.itcast.cn/channel/teacher.shtml>
{'name': '李老师', 'title': '高级讲师'}
2019-10-03 14:26:05 [scrapy.core.scraper] DEBUG: Scraped from <200 http://www.itcast.cn/channel/teacher.shtml>
{'name': '廖老师', 'title': '高级讲师'}
2019-10-03 14:26:05 [scrapy.core.scraper] DEBUG: Scraped from <200 http://www.itcast.cn/channel/teacher.shtml>
{'name': '詹老师', 'title': '高级讲师'}
2019-10-03 14:26:05 [scrapy.core.scraper] DEBUG: Scraped from <200 http://www.itcast.cn/channel/teacher.shtml>
{'name': '时老师', 'title': '高级讲师'}
2019-10-03 14:26:05 [scrapy.core.scraper] DEBUG: Scraped from <200 http://www.itcast.cn/channel/teacher.shtml>
{'name': '张老师', 'title': '高级讲师'}
2019-10-03 14:26:05 [scrapy.core.scraper] DEBUG: Scraped from <200 http://www.itcast.cn/channel/teacher.shtml>
{'name': '于老师', 'title': '高级讲师'}
2019-10-03 14:26:05 [scrapy.core.scraper] DEBUG: Scraped from <200 http://www.itcast.cn/channel/teacher.shtml>
{'name': '王老师', 'title': '高级讲师'}
2019-10-03 14:26:05 [scrapy.core.scraper] DEBUG: Scraped from <200 http://www.itcast.cn/channel/teacher.shtml>
{'name': '陈老师', 'title': '高级讲师'}
2019-10-03 14:26:06 [scrapy.core.scraper] DEBUG: Scraped from <200 http://www.itcast.cn/channel/teacher.shtml>
{'name': '惠老师', 'title': '高级讲师'}
2019-10-03 14:26:06 [scrapy.core.scraper] DEBUG: Scraped from <200 http://www.itcast.cn/channel/teacher.shtml>
{'name': '马老师', 'title': '高级讲师'}
2019-10-03 14:26:06 [scrapy.core.scraper] DEBUG: Scraped from <200 http://www.itcast.cn/channel/teacher.shtml>
{'name': '康老师', 'title': '高级讲师'}
2019-10-03 14:26:06 [scrapy.core.scraper] DEBUG: Scraped from <200 http://www.itcast.cn/channel/teacher.shtml>
{'name': '刘老师', 'title': '高级讲师'}
2019-10-03 14:26:06 [scrapy.core.scraper] DEBUG: Scraped from <200 http://www.itcast.cn/channel/teacher.shtml>
{'name': '张老师', 'title': '高级讲师'}
2019-10-03 14:26:06 [scrapy.core.scraper] DEBUG: Scraped from <200 http://www.itcast.cn/channel/teacher.shtml>
{'name': '杨老师', 'title': '高级讲师'}
2019-10-03 14:26:06 [scrapy.core.scraper] DEBUG: Scraped from <200 http://www.itcast.cn/channel/teacher.shtml>
{'name': '石老师', 'title': '高级讲师'}
2019-10-03 14:26:06 [scrapy.core.scraper] DEBUG: Scraped from <200 http://www.itcast.cn/channel/teacher.shtml>
{'name': '许老师', 'title': '高级讲师'}
2019-10-03 14:26:06 [scrapy.core.scraper] DEBUG: Scraped from <200 http://www.itcast.cn/channel/teacher.shtml>
{'name': '郭老师', 'title': '高级讲师'}
2019-10-03 14:26:06 [scrapy.core.scraper] DEBUG: Scraped from <200 http://www.itcast.cn/channel/teacher.shtml>
{'name': '郝老师', 'title': '高级讲师'}
2019-10-03 14:26:06 [scrapy.core.scraper] DEBUG: Scraped from <200 http://www.itcast.cn/channel/teacher.shtml>
{'name': '安老师', 'title': '高级讲师'}
2019-10-03 14:26:06 [scrapy.core.scraper] DEBUG: Scraped from <200 http://www.itcast.cn/channel/teacher.shtml>
{'name': '刘老师', 'title': '高级讲师'}
2019-10-03 14:26:06 [scrapy.core.scraper] DEBUG: Scraped from <200 http://www.itcast.cn/channel/teacher.shtml>
{'name': '朱老师\t', 'title': '高级讲师'}
2019-10-03 14:26:06 [scrapy.core.scraper] DEBUG: Scraped from <200 http://www.itcast.cn/channel/teacher.shtml>
{'name': '胡老师', 'title': '高级讲师'}
2019-10-03 14:26:06 [scrapy.core.scraper] DEBUG: Scraped from <200 http://www.itcast.cn/channel/teacher.shtml>
{'name': '李老师', 'title': '高级讲师'}
2019-10-03 14:26:06 [scrapy.core.scraper] DEBUG: Scraped from <200 http://www.itcast.cn/channel/teacher.shtml>
{'name': '李老师', 'title': '高级讲师'}
2019-10-03 14:26:06 [scrapy.core.scraper] DEBUG: Scraped from <200 http://www.itcast.cn/channel/teacher.shtml>
{'name': '张老师', 'title': '高级讲师'}
2019-10-03 14:26:06 [scrapy.core.scraper] DEBUG: Scraped from <200 http://www.itcast.cn/channel/teacher.shtml>
{'name': '田老师', 'title': '高级讲师'}
2019-10-03 14:26:06 [scrapy.core.scraper] DEBUG: Scraped from <200 http://www.itcast.cn/channel/teacher.shtml>
{'name': '殷老师', 'title': '高级讲师'}
2019-10-03 14:26:06 [scrapy.core.scraper] DEBUG: Scraped from <200 http://www.itcast.cn/channel/teacher.shtml>
{'name': '潘老师', 'title': '高级讲师'}
2019-10-03 14:26:06 [scrapy.core.scraper] DEBUG: Scraped from <200 http://www.itcast.cn/channel/teacher.shtml>
{'name': '李老师', 'title': '高级讲师'}
2019-10-03 14:26:06 [scrapy.core.scraper] DEBUG: Scraped from <200 http://www.itcast.cn/channel/teacher.shtml>
{'name': '彭老师', 'title': '高级讲师'}
2019-10-03 14:26:06 [scrapy.core.scraper] DEBUG: Scraped from <200 http://www.itcast.cn/channel/teacher.shtml>
{'name': '叶老师', 'title': '高级讲师'}
2019-10-03 14:26:06 [scrapy.core.scraper] DEBUG: Scraped from <200 http://www.itcast.cn/channel/teacher.shtml>
{'name': '杨老师', 'title': '高级讲师'}
2019-10-03 14:26:06 [scrapy.core.scraper] DEBUG: Scraped from <200 http://www.itcast.cn/channel/teacher.shtml>
{'name': '王老师', 'title': '高级讲师'}
2019-10-03 14:26:06 [scrapy.core.scraper] DEBUG: Scraped from <200 http://www.itcast.cn/channel/teacher.shtml>
{'name': '白老师', 'title': '高级讲师'}
2019-10-03 14:26:06 [scrapy.core.scraper] DEBUG: Scraped from <200 http://www.itcast.cn/channel/teacher.shtml>
{'name': '蔡老师', 'title': '高级讲师'}
2019-10-03 14:26:06 [scrapy.core.scraper] DEBUG: Scraped from <200 http://www.itcast.cn/channel/teacher.shtml>
{'name': '陈老师', 'title': '高级讲师'}
2019-10-03 14:26:06 [scrapy.core.scraper] DEBUG: Scraped from <200 http://www.itcast.cn/channel/teacher.shtml>
{'name': '陈老师', 'title': '高级讲师'}
2019-10-03 14:26:06 [scrapy.core.scraper] DEBUG: Scraped from <200 http://www.itcast.cn/channel/teacher.shtml>
{'name': '陈老师', 'title': '高级讲师'}
2019-10-03 14:26:06 [scrapy.core.scraper] DEBUG: Scraped from <200 http://www.itcast.cn/channel/teacher.shtml>
{'name': '冯老师', 'title': '高级讲师'}
2019-10-03 14:26:06 [scrapy.core.scraper] DEBUG: Scraped from <200 http://www.itcast.cn/channel/teacher.shtml>
{'name': '谷老师', 'title': '高级讲师'}
2019-10-03 14:26:06 [scrapy.core.scraper] DEBUG: Scraped from <200 http://www.itcast.cn/channel/teacher.shtml>
{'name': '江老师', 'title': '高级讲师'}
2019-10-03 14:26:06 [scrapy.core.scraper] DEBUG: Scraped from <200 http://www.itcast.cn/channel/teacher.shtml>
{'name': '刘老师', 'title': '高级讲师'}
2019-10-03 14:26:06 [scrapy.core.scraper] DEBUG: Scraped from <200 http://www.itcast.cn/channel/teacher.shtml>
{'name': '柳老师', 'title': '高级讲师'}
2019-10-03 14:26:06 [scrapy.core.scraper] DEBUG: Scraped from <200 http://www.itcast.cn/channel/teacher.shtml>
{'name': '卢老师', 'title': '高级讲师'}
2019-10-03 14:26:06 [scrapy.core.scraper] DEBUG: Scraped from <200 http://www.itcast.cn/channel/teacher.shtml>
{'name': '陆老师', 'title': '高级讲师'}
2019-10-03 14:26:06 [scrapy.core.scraper] DEBUG: Scraped from <200 http://www.itcast.cn/channel/teacher.shtml>
{'name': '王老师', 'title': '高级讲师'}
2019-10-03 14:26:06 [scrapy.core.scraper] DEBUG: Scraped from <200 http://www.itcast.cn/channel/teacher.shtml>
{'name': '王老师', 'title': '高级讲师'}
2019-10-03 14:26:06 [scrapy.core.scraper] DEBUG: Scraped from <200 http://www.itcast.cn/channel/teacher.shtml>
{'name': '王老师', 'title': '高级讲师'}
2019-10-03 14:26:06 [scrapy.core.scraper] DEBUG: Scraped from <200 http://www.itcast.cn/channel/teacher.shtml>
{'name': '王老师', 'title': '高级讲师'}
2019-10-03 14:26:06 [scrapy.core.scraper] DEBUG: Scraped from <200 http://www.itcast.cn/channel/teacher.shtml>
{'name': '夏老师', 'title': '高级讲师'}
2019-10-03 14:26:06 [scrapy.core.scraper] DEBUG: Scraped from <200 http://www.itcast.cn/channel/teacher.shtml>
{'name': '张老师', 'title': '高级讲师'}
2019-10-03 14:26:06 [scrapy.core.scraper] DEBUG: Scraped from <200 http://www.itcast.cn/channel/teacher.shtml>
{'name': '周老师', 'title': '高级讲师'}
2019-10-03 14:26:06 [scrapy.core.scraper] DEBUG: Scraped from <200 http://www.itcast.cn/channel/teacher.shtml>
{'name': '朱老师', 'title': '高级讲师'}
2019-10-03 14:26:06 [scrapy.core.scraper] DEBUG: Scraped from <200 http://www.itcast.cn/channel/teacher.shtml>
{'name': '陈老师', 'title': '高级讲师'}
2019-10-03 14:26:06 [scrapy.core.scraper] DEBUG: Scraped from <200 http://www.itcast.cn/channel/teacher.shtml>
{'name': '廖老师', 'title': '高级讲师'}
2019-10-03 14:26:06 [scrapy.core.scraper] DEBUG: Scraped from <200 http://www.itcast.cn/channel/teacher.shtml>
{'name': '潘老师', 'title': '高级讲师'}
2019-10-03 14:26:06 [scrapy.core.scraper] DEBUG: Scraped from <200 http://www.itcast.cn/channel/teacher.shtml>
{'name': '宋老师', 'title': '高级讲师'}
2019-10-03 14:26:06 [scrapy.core.scraper] DEBUG: Scraped from <200 http://www.itcast.cn/channel/teacher.shtml>
{'name': '徐老师', 'title': '高级讲师'}
2019-10-03 14:26:06 [scrapy.core.scraper] DEBUG: Scraped from <200 http://www.itcast.cn/channel/teacher.shtml>
{'name': '袁老师', 'title': '高级讲师'}
2019-10-03 14:26:06 [scrapy.core.scraper] DEBUG: Scraped from <200 http://www.itcast.cn/channel/teacher.shtml>
{'name': '钟老师', 'title': '高级讲师'}
2019-10-03 14:26:06 [scrapy.core.scraper] DEBUG: Scraped from <200 http://www.itcast.cn/channel/teacher.shtml>
{'name': '辛老师', 'title': '高级讲师'}
2019-10-03 14:26:06 [scrapy.core.scraper] DEBUG: Scraped from <200 http://www.itcast.cn/channel/teacher.shtml>
{'name': '刘老师', 'title': '高级讲师'}
2019-10-03 14:26:06 [scrapy.core.scraper] DEBUG: Scraped from <200 http://www.itcast.cn/channel/teacher.shtml>
{'name': '刘老师', 'title': '高级讲师'}
2019-10-03 14:26:06 [scrapy.core.scraper] DEBUG: Scraped from <200 http://www.itcast.cn/channel/teacher.shtml>
{'name': '刘老师', 'title': '高级讲师'}
2019-10-03 14:26:06 [scrapy.core.scraper] DEBUG: Scraped from <200 http://www.itcast.cn/channel/teacher.shtml>
{'name': '沈老师', 'title': '高级讲师'}
2019-10-03 14:26:06 [scrapy.core.scraper] DEBUG: Scraped from <200 http://www.itcast.cn/channel/teacher.shtml>
{'name': '余老师', 'title': '高级讲师'}
2019-10-03 14:26:06 [scrapy.core.scraper] DEBUG: Scraped from <200 http://www.itcast.cn/channel/teacher.shtml>
{'name': '王老师', 'title': '高级讲师'}
2019-10-03 14:26:06 [scrapy.core.scraper] DEBUG: Scraped from <200 http://www.itcast.cn/channel/teacher.shtml>
{'name': '王老师', 'title': '高级讲师'}
2019-10-03 14:26:06 [scrapy.core.scraper] DEBUG: Scraped from <200 http://www.itcast.cn/channel/teacher.shtml>
{'name': '龙老师', 'title': '高级讲师'}
2019-10-03 14:26:06 [scrapy.core.scraper] DEBUG: Scraped from <200 http://www.itcast.cn/channel/teacher.shtml>
{'name': '侯老师', 'title': '高级讲师'}
2019-10-03 14:26:06 [scrapy.core.scraper] DEBUG: Scraped from <200 http://www.itcast.cn/channel/teacher.shtml>
{'name': '王老师', 'title': '高级讲师'}
2019-10-03 14:26:06 [scrapy.core.scraper] DEBUG: Scraped from <200 http://www.itcast.cn/channel/teacher.shtml>
{'name': '潘老师', 'title': '高级讲师'}
2019-10-03 14:26:06 [scrapy.core.scraper] DEBUG: Scraped from <200 http://www.itcast.cn/channel/teacher.shtml>
{'name': '裴老师', 'title': '高级讲师'}
2019-10-03 14:26:06 [scrapy.core.scraper] DEBUG: Scraped from <200 http://www.itcast.cn/channel/teacher.shtml>
{'name': '孙老师', 'title': '高级讲师'}
2019-10-03 14:26:06 [scrapy.core.scraper] DEBUG: Scraped from <200 http://www.itcast.cn/channel/teacher.shtml>
{'name': '吴老师', 'title': '高级讲师'}
2019-10-03 14:26:06 [scrapy.core.scraper] DEBUG: Scraped from <200 http://www.itcast.cn/channel/teacher.shtml>
{'name': '王老师', 'title': '高级讲师'}
2019-10-03 14:26:06 [scrapy.core.scraper] DEBUG: Scraped from <200 http://www.itcast.cn/channel/teacher.shtml>
{'name': '殷老师', 'title': '高级讲师'}
2019-10-03 14:26:06 [scrapy.core.scraper] DEBUG: Scraped from <200 http://www.itcast.cn/channel/teacher.shtml>
{'name': '高老师', 'title': '高级讲师'}
2019-10-03 14:26:06 [scrapy.core.scraper] DEBUG: Scraped from <200 http://www.itcast.cn/channel/teacher.shtml>
{'name': '吴老师', 'title': '高级讲师'}
2019-10-03 14:26:06 [scrapy.core.scraper] DEBUG: Scraped from <200 http://www.itcast.cn/channel/teacher.shtml>
{'name': '张老师', 'title': '高级讲师'}
2019-10-03 14:26:06 [scrapy.core.scraper] DEBUG: Scraped from <200 http://www.itcast.cn/channel/teacher.shtml>
{'name': '崔老师', 'title': '高级讲师'}
2019-10-03 14:26:06 [scrapy.core.scraper] DEBUG: Scraped from <200 http://www.itcast.cn/channel/teacher.shtml>
{'name': '梁老师', 'title': '高级讲师'}
2019-10-03 14:26:06 [scrapy.core.scraper] DEBUG: Scraped from <200 http://www.itcast.cn/channel/teacher.shtml>
{'name': '王老师', 'title': '高级讲师'}
2019-10-03 14:26:06 [scrapy.core.scraper] DEBUG: Scraped from <200 http://www.itcast.cn/channel/teacher.shtml>
{'name': '李老师', 'title': '高级讲师'}
2019-10-03 14:26:06 [scrapy.core.scraper] DEBUG: Scraped from <200 http://www.itcast.cn/channel/teacher.shtml>
{'name': '张老师', 'title': '高级讲师'}
2019-10-03 14:26:06 [scrapy.core.scraper] DEBUG: Scraped from <200 http://www.itcast.cn/channel/teacher.shtml>
{'name': '朱老师', 'title': '高级讲师'}
2019-10-03 14:26:06 [scrapy.core.scraper] DEBUG: Scraped from <200 http://www.itcast.cn/channel/teacher.shtml>
{'name': '李老师', 'title': '高级讲师'}
2019-10-03 14:26:06 [scrapy.core.scraper] DEBUG: Scraped from <200 http://www.itcast.cn/channel/teacher.shtml>
{'name': '李老师', 'title': '高级讲师'}
2019-10-03 14:26:06 [scrapy.core.scraper] DEBUG: Scraped from <200 http://www.itcast.cn/channel/teacher.shtml>
{'name': '孙老师', 'title': '高级讲师'}
2019-10-03 14:26:06 [scrapy.core.scraper] DEBUG: Scraped from <200 http://www.itcast.cn/channel/teacher.shtml>
{'name': '赵老师', 'title': '高级讲师'}
2019-10-03 14:26:06 [scrapy.core.scraper] DEBUG: Scraped from <200 http://www.itcast.cn/channel/teacher.shtml>
{'name': '马老师', 'title': '高级讲师'}
2019-10-03 14:26:06 [scrapy.core.scraper] DEBUG: Scraped from <200 http://www.itcast.cn/channel/teacher.shtml>
{'name': '康老师', 'title': '高级讲师'}
2019-10-03 14:26:06 [scrapy.core.scraper] DEBUG: Scraped from <200 http://www.itcast.cn/channel/teacher.shtml>
{'name': '周老师', 'title': '高级讲师'}
2019-10-03 14:26:06 [scrapy.core.scraper] DEBUG: Scraped from <200 http://www.itcast.cn/channel/teacher.shtml>
{'name': '汪老师', 'title': '高级讲师'}
2019-10-03 14:26:06 [scrapy.core.scraper] DEBUG: Scraped from <200 http://www.itcast.cn/channel/teacher.shtml>
{'name': '赵老师', 'title': '高级讲师'}
2019-10-03 14:26:06 [scrapy.core.scraper] DEBUG: Scraped from <200 http://www.itcast.cn/channel/teacher.shtml>
{'name': '韩老师', 'title': '高级讲师'}
2019-10-03 14:26:06 [scrapy.core.scraper] DEBUG: Scraped from <200 http://www.itcast.cn/channel/teacher.shtml>
{'name': '杨老师', 'title': '高级讲师'}
2019-10-03 14:26:06 [scrapy.core.scraper] DEBUG: Scraped from <200 http://www.itcast.cn/channel/teacher.shtml>
{'name': '汤老师', 'title': '高级讲师'}
2019-10-03 14:26:06 [scrapy.core.scraper] DEBUG: Scraped from <200 http://www.itcast.cn/channel/teacher.shtml>
{'name': '李老师', 'title': '高级讲师'}
2019-10-03 14:26:06 [scrapy.core.scraper] DEBUG: Scraped from <200 http://www.itcast.cn/channel/teacher.shtml>
{'name': '王老师', 'title': '高级讲师'}
2019-10-03 14:26:06 [scrapy.core.scraper] DEBUG: Scraped from <200 http://www.itcast.cn/channel/teacher.shtml>
{'name': '吴老师', 'title': '高级讲师'}
2019-10-03 14:26:06 [scrapy.core.scraper] DEBUG: Scraped from <200 http://www.itcast.cn/channel/teacher.shtml>
{'name': '张老师', 'title': '高级讲师'}
2019-10-03 14:26:06 [scrapy.core.scraper] DEBUG: Scraped from <200 http://www.itcast.cn/channel/teacher.shtml>
{'name': '张老师', 'title': '高级讲师'}
2019-10-03 14:26:06 [scrapy.core.scraper] DEBUG: Scraped from <200 http://www.itcast.cn/channel/teacher.shtml>
{'name': '刘老师', 'title': '高级讲师'}
2019-10-03 14:26:06 [scrapy.core.scraper] DEBUG: Scraped from <200 http://www.itcast.cn/channel/teacher.shtml>
{'name': '孙老师', 'title': '高级讲师'}
2019-10-03 14:26:06 [scrapy.core.scraper] DEBUG: Scraped from <200 http://www.itcast.cn/channel/teacher.shtml>
{'name': '李老师', 'title': '高级讲师'}
2019-10-03 14:26:06 [scrapy.core.scraper] DEBUG: Scraped from <200 http://www.itcast.cn/channel/teacher.shtml>
{'name': '周老师', 'title': '高级讲师'}
2019-10-03 14:26:06 [scrapy.core.scraper] DEBUG: Scraped from <200 http://www.itcast.cn/channel/teacher.shtml>
{'name': '王老师', 'title': '高级讲师'}
2019-10-03 14:26:06 [scrapy.core.scraper] DEBUG: Scraped from <200 http://www.itcast.cn/channel/teacher.shtml>
{'name': '刘老师', 'title': '高级讲师'}
2019-10-03 14:26:06 [scrapy.core.scraper] DEBUG: Scraped from <200 http://www.itcast.cn/channel/teacher.shtml>
{'name': '陈老师', 'title': '高级讲师'}
2019-10-03 14:26:06 [scrapy.core.scraper] DEBUG: Scraped from <200 http://www.itcast.cn/channel/teacher.shtml>
{'name': ' 金老师', 'title': '高级讲师'}
2019-10-03 14:26:06 [scrapy.core.scraper] DEBUG: Scraped from <200 http://www.itcast.cn/channel/teacher.shtml>
{'name': '邢老师', 'title': '高级讲师'}
2019-10-03 14:26:06 [scrapy.core.scraper] DEBUG: Scraped from <200 http://www.itcast.cn/channel/teacher.shtml>
{'name': '王老师', 'title': '高级讲师'}
2019-10-03 14:26:06 [scrapy.core.scraper] DEBUG: Scraped from <200 http://www.itcast.cn/channel/teacher.shtml>
{'name': '江老师', 'title': '高级讲师'}
2019-10-03 14:26:06 [scrapy.core.scraper] DEBUG: Scraped from <200 http://www.itcast.cn/channel/teacher.shtml>
{'name': '谢老师', 'title': '高级讲师'}
2019-10-03 14:26:06 [scrapy.core.scraper] DEBUG: Scraped from <200 http://www.itcast.cn/channel/teacher.shtml>
{'name': ' 惠老师', 'title': '高级讲师'}
2019-10-03 14:26:06 [scrapy.core.scraper] DEBUG: Scraped from <200 http://www.itcast.cn/channel/teacher.shtml>
{'name': '刘老师', 'title': '高级讲师'}
2019-10-03 14:26:06 [scrapy.core.scraper] DEBUG: Scraped from <200 http://www.itcast.cn/channel/teacher.shtml>
{'name': '尹老师', 'title': '高级讲师'}
2019-10-03 14:26:06 [scrapy.core.scraper] DEBUG: Scraped from <200 http://www.itcast.cn/channel/teacher.shtml>
{'name': '孔老师', 'title': '高级讲师'}
2019-10-03 14:26:06 [scrapy.core.scraper] DEBUG: Scraped from <200 http://www.itcast.cn/channel/teacher.shtml>
{'name': '赵老师', 'title': '高级讲师'}
2019-10-03 14:26:06 [scrapy.core.scraper] DEBUG: Scraped from <200 http://www.itcast.cn/channel/teacher.shtml>
{'name': '张老师', 'title': '高级讲师'}
2019-10-03 14:26:06 [scrapy.core.scraper] DEBUG: Scraped from <200 http://www.itcast.cn/channel/teacher.shtml>
{'name': '杜老师', 'title': '高级讲师'}
2019-10-03 14:26:06 [scrapy.core.scraper] DEBUG: Scraped from <200 http://www.itcast.cn/channel/teacher.shtml>
{'name': '赵老师', 'title': '高级讲师'}
2019-10-03 14:26:06 [scrapy.core.scraper] DEBUG: Scraped from <200 http://www.itcast.cn/channel/teacher.shtml>
{'name': '庄老师', 'title': '高级讲师'}
2019-10-03 14:26:06 [scrapy.core.scraper] DEBUG: Scraped from <200 http://www.itcast.cn/channel/teacher.shtml>
{'name': '刘老师', 'title': '高级讲师'}
2019-10-03 14:26:06 [scrapy.core.scraper] DEBUG: Scraped from <200 http://www.itcast.cn/channel/teacher.shtml>
{'name': '郭老师', 'title': '高级讲师'}
2019-10-03 14:26:06 [scrapy.core.scraper] DEBUG: Scraped from <200 http://www.itcast.cn/channel/teacher.shtml>
{'name': '毛老师', 'title': '高级讲师'}
2019-10-03 14:26:06 [scrapy.core.scraper] DEBUG: Scraped from <200 http://www.itcast.cn/channel/teacher.shtml>
{'name': '丁老师', 'title': '高级讲师'}
2019-10-03 14:26:06 [scrapy.core.scraper] DEBUG: Scraped from <200 http://www.itcast.cn/channel/teacher.shtml>
{'name': '陈老师', 'title': '高级讲师'}
2019-10-03 14:26:06 [scrapy.core.scraper] DEBUG: Scraped from <200 http://www.itcast.cn/channel/teacher.shtml>
{'name': '胡老师', 'title': '高级讲师'}
2019-10-03 14:26:06 [scrapy.core.scraper] DEBUG: Scraped from <200 http://www.itcast.cn/channel/teacher.shtml>
{'name': '李老师', 'title': '高级讲师'}
2019-10-03 14:26:06 [scrapy.core.scraper] DEBUG: Scraped from <200 http://www.itcast.cn/channel/teacher.shtml>
{'name': '刘老师', 'title': '高级讲师'}
2019-10-03 14:26:06 [scrapy.core.scraper] DEBUG: Scraped from <200 http://www.itcast.cn/channel/teacher.shtml>
{'name': '杨老师', 'title': '高级讲师'}
2019-10-03 14:26:06 [scrapy.core.scraper] DEBUG: Scraped from <200 http://www.itcast.cn/channel/teacher.shtml>
{'name': '张老师', 'title': '高级讲师'}
2019-10-03 14:26:06 [scrapy.core.scraper] DEBUG: Scraped from <200 http://www.itcast.cn/channel/teacher.shtml>
{'name': '周老师', 'title': '高级讲师'}
2019-10-03 14:26:06 [scrapy.core.scraper] DEBUG: Scraped from <200 http://www.itcast.cn/channel/teacher.shtml>
{'name': '彭老师', 'title': '高级讲师'}
2019-10-03 14:26:06 [scrapy.core.scraper] DEBUG: Scraped from <200 http://www.itcast.cn/channel/teacher.shtml>
{'name': '王老师', 'title': '高级讲师'}
2019-10-03 14:26:06 [scrapy.core.scraper] DEBUG: Scraped from <200 http://www.itcast.cn/channel/teacher.shtml>
{'name': '齐老师', 'title': '高级讲师'}
2019-10-03 14:26:06 [scrapy.core.scraper] DEBUG: Scraped from <200 http://www.itcast.cn/channel/teacher.shtml>
{'name': '原老师', 'title': '高级讲师'}
2019-10-03 14:26:06 [scrapy.core.scraper] DEBUG: Scraped from <200 http://www.itcast.cn/channel/teacher.shtml>
{'name': '吕老师', 'title': '高级讲师'}
2019-10-03 14:26:06 [scrapy.core.scraper] DEBUG: Scraped from <200 http://www.itcast.cn/channel/teacher.shtml>
{'name': '秦老师', 'title': '高级讲师'}
2019-10-03 14:26:06 [scrapy.core.scraper] DEBUG: Scraped from <200 http://www.itcast.cn/channel/teacher.shtml>
{'name': '陈老师', 'title': '高级讲师'}
2019-10-03 14:26:06 [scrapy.core.scraper] DEBUG: Scraped from <200 http://www.itcast.cn/channel/teacher.shtml>
{'name': '江老师', 'title': '高级讲师'}
2019-10-03 14:26:06 [scrapy.core.scraper] DEBUG: Scraped from <200 http://www.itcast.cn/channel/teacher.shtml>
{'name': '刘老师', 'title': '高级讲师'}
2019-10-03 14:26:06 [scrapy.core.scraper] DEBUG: Scraped from <200 http://www.itcast.cn/channel/teacher.shtml>
{'name': '谢老师', 'title': '高级讲师'}
2019-10-03 14:26:06 [scrapy.core.scraper] DEBUG: Scraped from <200 http://www.itcast.cn/channel/teacher.shtml>
{'name': '朱老师', 'title': '高级讲师'}
2019-10-03 14:26:06 [scrapy.core.scraper] DEBUG: Scraped from <200 http://www.itcast.cn/channel/teacher.shtml>
{'name': '张老师', 'title': '高级讲师'}
2019-10-03 14:26:06 [scrapy.core.scraper] DEBUG: Scraped from <200 http://www.itcast.cn/channel/teacher.shtml>
{'name': '盛老师', 'title': '高级讲师'}
2019-10-03 14:26:06 [scrapy.core.scraper] DEBUG: Scraped from <200 http://www.itcast.cn/channel/teacher.shtml>
{'name': '范老师', 'title': '高级讲师'}
2019-10-03 14:26:06 [scrapy.core.scraper] DEBUG: Scraped from <200 http://www.itcast.cn/channel/teacher.shtml>
{'name': '王老师', 'title': '高级讲师'}
2019-10-03 14:26:06 [scrapy.core.scraper] DEBUG: Scraped from <200 http://www.itcast.cn/channel/teacher.shtml>
{'name': '沈老师', 'title': '高级讲师'}
2019-10-03 14:26:06 [scrapy.core.scraper] DEBUG: Scraped from <200 http://www.itcast.cn/channel/teacher.shtml>
{'name': '何老师', 'title': '高级讲师'}
2019-10-03 14:26:06 [scrapy.core.scraper] DEBUG: Scraped from <200 http://www.itcast.cn/channel/teacher.shtml>
{'name': '李老师', 'title': '高级讲师'}
2019-10-03 14:26:06 [scrapy.core.scraper] DEBUG: Scraped from <200 http://www.itcast.cn/channel/teacher.shtml>
{'name': '梅老师', 'title': '高级讲师'}
2019-10-03 14:26:06 [scrapy.core.scraper] DEBUG: Scraped from <200 http://www.itcast.cn/channel/teacher.shtml>
{'name': '姚老师', 'title': '高级讲师'}
2019-10-03 14:26:06 [scrapy.core.scraper] DEBUG: Scraped from <200 http://www.itcast.cn/channel/teacher.shtml>
{'name': '陈老师', 'title': '高级讲师'}
2019-10-03 14:26:06 [scrapy.core.scraper] DEBUG: Scraped from <200 http://www.itcast.cn/channel/teacher.shtml>
{'name': '许老师', 'title': '高级讲师'}
2019-10-03 14:26:06 [scrapy.core.scraper] DEBUG: Scraped from <200 http://www.itcast.cn/channel/teacher.shtml>
{'name': '张老师', 'title': '高级讲师'}
2019-10-03 14:26:06 [scrapy.core.scraper] DEBUG: Scraped from <200 http://www.itcast.cn/channel/teacher.shtml>
{'name': '李老师', 'title': '高级讲师'}
2019-10-03 14:26:06 [scrapy.core.scraper] DEBUG: Scraped from <200 http://www.itcast.cn/channel/teacher.shtml>
{'name': '肖老师', 'title': '高级讲师'}
2019-10-03 14:26:06 [scrapy.core.scraper] DEBUG: Scraped from <200 http://www.itcast.cn/channel/teacher.shtml>
{'name': '唐老师', 'title': '高级讲师'}
2019-10-03 14:26:06 [scrapy.core.scraper] DEBUG: Scraped from <200 http://www.itcast.cn/channel/teacher.shtml>
{'name': '肖老师', 'title': '高级讲师'}
2019-10-03 14:26:06 [scrapy.core.scraper] DEBUG: Scraped from <200 http://www.itcast.cn/channel/teacher.shtml>
{'name': '刘老师', 'title': '高级讲师'}
2019-10-03 14:26:06 [scrapy.core.scraper] DEBUG: Scraped from <200 http://www.itcast.cn/channel/teacher.shtml>
{'name': '李老师', 'title': '高级讲师'}
2019-10-03 14:26:06 [scrapy.core.scraper] DEBUG: Scraped from <200 http://www.itcast.cn/channel/teacher.shtml>
{'name': ' 许老师', 'title': '高级讲师'}
2019-10-03 14:26:06 [scrapy.core.scraper] DEBUG: Scraped from <200 http://www.itcast.cn/channel/teacher.shtml>
{'name': '石老师', 'title': '高级讲师'}
2019-10-03 14:26:06 [scrapy.core.scraper] DEBUG: Scraped from <200 http://www.itcast.cn/channel/teacher.shtml>
{'name': '刘老师', 'title': '高级讲师'}
2019-10-03 14:26:06 [scrapy.core.scraper] DEBUG: Scraped from <200 http://www.itcast.cn/channel/teacher.shtml>
{'name': '恩老师', 'title': '高级讲师'}
2019-10-03 14:26:06 [scrapy.core.scraper] DEBUG: Scraped from <200 http://www.itcast.cn/channel/teacher.shtml>
{'name': '赵老师', 'title': '高级讲师'}
2019-10-03 14:26:06 [scrapy.core.scraper] DEBUG: Scraped from <200 http://www.itcast.cn/channel/teacher.shtml>
{'name': '庄老师', 'title': '高级讲师'}
2019-10-03 14:26:06 [scrapy.core.scraper] DEBUG: Scraped from <200 http://www.itcast.cn/channel/teacher.shtml>
{'name': '查老师', 'title': '高级讲师'}
2019-10-03 14:26:06 [scrapy.core.scraper] DEBUG: Scraped from <200 http://www.itcast.cn/channel/teacher.shtml>
{'name': '刘老师', 'title': '高级讲师'}
2019-10-03 14:26:06 [scrapy.core.scraper] DEBUG: Scraped from <200 http://www.itcast.cn/channel/teacher.shtml>
{'name': '曲老师', 'title': '高级讲师'}
2019-10-03 14:26:06 [scrapy.core.scraper] DEBUG: Scraped from <200 http://www.itcast.cn/channel/teacher.shtml>
{'name': '王老师', 'title': '高级讲师'}
2019-10-03 14:26:06 [scrapy.core.scraper] DEBUG: Scraped from <200 http://www.itcast.cn/channel/teacher.shtml>
{'name': '张老师\t', 'title': '高级讲师'}
2019-10-03 14:26:06 [scrapy.core.scraper] DEBUG: Scraped from <200 http://www.itcast.cn/channel/teacher.shtml>
{'name': '李老师', 'title': '高级讲师'}
2019-10-03 14:26:06 [scrapy.core.scraper] DEBUG: Scraped from <200 http://www.itcast.cn/channel/teacher.shtml>
{'name': '李老师', 'title': '高级讲师'}
2019-10-03 14:26:06 [scrapy.core.scraper] DEBUG: Scraped from <200 http://www.itcast.cn/channel/teacher.shtml>
{'name': '陈老师', 'title': '高级讲师'}
2019-10-03 14:26:06 [scrapy.core.scraper] DEBUG: Scraped from <200 http://www.itcast.cn/channel/teacher.shtml>
{'name': '贺老师', 'title': '高级讲师'}
2019-10-03 14:26:06 [scrapy.core.scraper] DEBUG: Scraped from <200 http://www.itcast.cn/channel/teacher.shtml>
{'name': '宋老师', 'title': '高级讲师'}
2019-10-03 14:26:06 [scrapy.core.scraper] DEBUG: Scraped from <200 http://www.itcast.cn/channel/teacher.shtml>
{'name': '雷老师', 'title': '高级讲师'}
2019-10-03 14:26:06 [scrapy.core.scraper] DEBUG: Scraped from <200 http://www.itcast.cn/channel/teacher.shtml>
{'name': '刘老师', 'title': '高级讲师'}
2019-10-03 14:26:06 [scrapy.core.scraper] DEBUG: Scraped from <200 http://www.itcast.cn/channel/teacher.shtml>
{'name': '郭老师', 'title': '高级讲师'}
2019-10-03 14:26:06 [scrapy.core.scraper] DEBUG: Scraped from <200 http://www.itcast.cn/channel/teacher.shtml>
{'name': '高老师', 'title': '高级讲师'}
2019-10-03 14:26:06 [scrapy.core.scraper] DEBUG: Scraped from <200 http://www.itcast.cn/channel/teacher.shtml>
{'name': '谭老师', 'title': '高级讲师'}
2019-10-03 14:26:06 [scrapy.core.scraper] DEBUG: Scraped from <200 http://www.itcast.cn/channel/teacher.shtml>
{'name': '廖老师', 'title': '高级讲师'}
2019-10-03 14:26:06 [scrapy.core.scraper] DEBUG: Scraped from <200 http://www.itcast.cn/channel/teacher.shtml>
{'name': '王老师', 'title': '高级讲师'}
2019-10-03 14:26:06 [scrapy.core.scraper] DEBUG: Scraped from <200 http://www.itcast.cn/channel/teacher.shtml>
{'name': '周老师', 'title': '高级讲师'}
2019-10-03 14:26:06 [scrapy.core.scraper] DEBUG: Scraped from <200 http://www.itcast.cn/channel/teacher.shtml>
{'name': '杨老师', 'title': '高级讲师'}
2019-10-03 14:26:06 [scrapy.core.scraper] DEBUG: Scraped from <200 http://www.itcast.cn/channel/teacher.shtml>
{'name': '王老师', 'title': '高级讲师'}
2019-10-03 14:26:06 [scrapy.core.scraper] DEBUG: Scraped from <200 http://www.itcast.cn/channel/teacher.shtml>
{'name': '缪老师', 'title': '高级讲师'}
2019-10-03 14:26:06 [scrapy.core.scraper] DEBUG: Scraped from <200 http://www.itcast.cn/channel/teacher.shtml>
{'name': '许老师', 'title': '高级讲师'}
2019-10-03 14:26:06 [scrapy.core.scraper] DEBUG: Scraped from <200 http://www.itcast.cn/channel/teacher.shtml>
{'name': '金老师', 'title': '高级讲师'}
2019-10-03 14:26:06 [scrapy.core.scraper] DEBUG: Scraped from <200 http://www.itcast.cn/channel/teacher.shtml>
{'name': '邓老师', 'title': '高级讲师'}
2019-10-03 14:26:06 [scrapy.core.scraper] DEBUG: Scraped from <200 http://www.itcast.cn/channel/teacher.shtml>
{'name': '龚老师', 'title': '高级讲师'}
2019-10-03 14:26:06 [scrapy.core.scraper] DEBUG: Scraped from <200 http://www.itcast.cn/channel/teacher.shtml>
{'name': '李老师', 'title': '高级讲师'}
2019-10-03 14:26:06 [scrapy.core.scraper] DEBUG: Scraped from <200 http://www.itcast.cn/channel/teacher.shtml>
{'name': '方老师', 'title': '高级讲师'}
2019-10-03 14:26:06 [scrapy.core.scraper] DEBUG: Scraped from <200 http://www.itcast.cn/channel/teacher.shtml>
{'name': '曾老师', 'title': '高级讲师'}
2019-10-03 14:26:06 [scrapy.core.scraper] DEBUG: Scraped from <200 http://www.itcast.cn/channel/teacher.shtml>
{'name': '梁老师', 'title': '高级讲师'}
2019-10-03 14:26:06 [scrapy.core.scraper] DEBUG: Scraped from <200 http://www.itcast.cn/channel/teacher.shtml>
{'name': '闫老师', 'title': '高级讲师'}
2019-10-03 14:26:06 [scrapy.core.scraper] DEBUG: Scraped from <200 http://www.itcast.cn/channel/teacher.shtml>
{'name': '杨老师', 'title': '高级讲师'}
2019-10-03 14:26:06 [scrapy.core.scraper] DEBUG: Scraped from <200 http://www.itcast.cn/channel/teacher.shtml>
{'name': '邓老师', 'title': '高级讲师'}
2019-10-03 14:26:06 [scrapy.core.scraper] DEBUG: Scraped from <200 http://www.itcast.cn/channel/teacher.shtml>
{'name': '龚老师', 'title': '高级讲师'}
2019-10-03 14:26:06 [scrapy.core.scraper] DEBUG: Scraped from <200 http://www.itcast.cn/channel/teacher.shtml>
{'name': '薛老师', 'title': '高级讲师'}
2019-10-03 14:26:06 [scrapy.core.scraper] DEBUG: Scraped from <200 http://www.itcast.cn/channel/teacher.shtml>
{'name': '张老师', 'title': '高级讲师'}
2019-10-03 14:26:06 [scrapy.core.scraper] DEBUG: Scraped from <200 http://www.itcast.cn/channel/teacher.shtml>
{'name': '丛老师', 'title': '高级讲师'}
2019-10-03 14:26:06 [scrapy.core.scraper] DEBUG: Scraped from <200 http://www.itcast.cn/channel/teacher.shtml>
{'name': '李老师', 'title': '高级讲师'}
2019-10-03 14:26:06 [scrapy.core.scraper] DEBUG: Scraped from <200 http://www.itcast.cn/channel/teacher.shtml>
{'name': '刘老师', 'title': '高级讲师'}
2019-10-03 14:26:06 [scrapy.core.scraper] DEBUG: Scraped from <200 http://www.itcast.cn/channel/teacher.shtml>
{'name': '彭老师', 'title': '高级讲师'}
2019-10-03 14:26:06 [scrapy.core.scraper] DEBUG: Scraped from <200 http://www.itcast.cn/channel/teacher.shtml>
{'name': '杨老师', 'title': '高级讲师'}
2019-10-03 14:26:06 [scrapy.core.scraper] DEBUG: Scraped from <200 http://www.itcast.cn/channel/teacher.shtml>
{'name': '杨老师', 'title': '高级讲师'}
2019-10-03 14:26:06 [scrapy.core.scraper] DEBUG: Scraped from <200 http://www.itcast.cn/channel/teacher.shtml>
{'name': '袁老师', 'title': '高级讲师'}
2019-10-03 14:26:06 [scrapy.core.scraper] DEBUG: Scraped from <200 http://www.itcast.cn/channel/teacher.shtml>
{'name': '周老师', 'title': '高级讲师'}
2019-10-03 14:26:06 [scrapy.core.scraper] DEBUG: Scraped from <200 http://www.itcast.cn/channel/teacher.shtml>
{'name': '张老师', 'title': '高级讲师'}
2019-10-03 14:26:06 [scrapy.core.scraper] DEBUG: Scraped from <200 http://www.itcast.cn/channel/teacher.shtml>
{'name': '黄老师', 'title': '高级讲师'}
2019-10-03 14:26:06 [scrapy.core.scraper] DEBUG: Scraped from <200 http://www.itcast.cn/channel/teacher.shtml>
{'name': '伍老师', 'title': '高级讲师'}
2019-10-03 14:26:06 [scrapy.core.scraper] DEBUG: Scraped from <200 http://www.itcast.cn/channel/teacher.shtml>
{'name': '江老师', 'title': '高级讲师'}
2019-10-03 14:26:06 [scrapy.core.scraper] DEBUG: Scraped from <200 http://www.itcast.cn/channel/teacher.shtml>
{'name': '段老师', 'title': '高级讲师'}
2019-10-03 14:26:06 [scrapy.core.scraper] DEBUG: Scraped from <200 http://www.itcast.cn/channel/teacher.shtml>
{'name': '刘老师', 'title': '高级讲师'}
2019-10-03 14:26:06 [scrapy.core.scraper] DEBUG: Scraped from <200 http://www.itcast.cn/channel/teacher.shtml>
{'name': '彭老师', 'title': '高级讲师'}
2019-10-03 14:26:06 [scrapy.core.scraper] DEBUG: Scraped from <200 http://www.itcast.cn/channel/teacher.shtml>
{'name': '李老师', 'title': '高级讲师'}
2019-10-03 14:26:06 [scrapy.core.scraper] DEBUG: Scraped from <200 http://www.itcast.cn/channel/teacher.shtml>
{'name': '苏老师', 'title': '高级讲师'}
2019-10-03 14:26:06 [scrapy.core.scraper] DEBUG: Scraped from <200 http://www.itcast.cn/channel/teacher.shtml>
{'name': '王老师', 'title': '高级讲师'}
2019-10-03 14:26:06 [scrapy.core.scraper] DEBUG: Scraped from <200 http://www.itcast.cn/channel/teacher.shtml>
{'name': '吴老师', 'title': '高级讲师'}
2019-10-03 14:26:06 [scrapy.core.scraper] DEBUG: Scraped from <200 http://www.itcast.cn/channel/teacher.shtml>
{'name': '沈老师', 'title': '高级讲师'}
2019-10-03 14:26:06 [scrapy.core.scraper] DEBUG: Scraped from <200 http://www.itcast.cn/channel/teacher.shtml>
{'name': '李老师', 'title': '高级讲师'}
2019-10-03 14:26:06 [scrapy.core.scraper] DEBUG: Scraped from <200 http://www.itcast.cn/channel/teacher.shtml>
{'name': '周老师', 'title': '高级讲师'}
2019-10-03 14:26:06 [scrapy.core.scraper] DEBUG: Scraped from <200 http://www.itcast.cn/channel/teacher.shtml>
{'name': '赵老师', 'title': '高级讲师'}
2019-10-03 14:26:06 [scrapy.core.scraper] DEBUG: Scraped from <200 http://www.itcast.cn/channel/teacher.shtml>
{'name': '潘老师', 'title': '高级讲师'}
2019-10-03 14:26:06 [scrapy.core.scraper] DEBUG: Scraped from <200 http://www.itcast.cn/channel/teacher.shtml>
{'name': '胡老师', 'title': '高级讲师'}
2019-10-03 14:26:06 [scrapy.core.scraper] DEBUG: Scraped from <200 http://www.itcast.cn/channel/teacher.shtml>
{'name': '王老师', 'title': '高级讲师'}
2019-10-03 14:26:06 [scrapy.core.scraper] DEBUG: Scraped from <200 http://www.itcast.cn/channel/teacher.shtml>
{'name': '肖老师', 'title': '高级讲师'}
2019-10-03 14:26:06 [scrapy.core.scraper] DEBUG: Scraped from <200 http://www.itcast.cn/channel/teacher.shtml>
{'name': '信老师', 'title': '高级讲师'}
2019-10-03 14:26:06 [scrapy.core.engine] INFO: Closing spider (finished)
2019-10-03 14:26:06 [scrapy.statscollectors] INFO: Dumping Scrapy stats:
{'downloader/request_bytes': 455,
 'downloader/request_count': 2,
 'downloader/request_method_count/GET': 2,
 'downloader/response_bytes': 46822,
 'downloader/response_count': 2,
 'downloader/response_status_count/200': 2,
 'finish_reason': 'finished',
 'finish_time': datetime.datetime(2019, 10, 3, 6, 26, 6, 901362),
 'item_scraped_count': 289,
 'log_count/DEBUG': 291,
 'log_count/INFO': 9,
 'memusage/max': 58568704,
 'memusage/startup': 58568704,
 'response_received_count': 2,
 'robotstxt/request_count': 1,
 'robotstxt/response_count': 1,
 'robotstxt/response_status_count/200': 1,
 'scheduler/dequeued': 1,
 'scheduler/dequeued/memory': 1,
 'scheduler/enqueued': 1,
 'scheduler/enqueued/memory': 1,
 'start_time': datetime.datetime(2019, 10, 3, 6, 26, 4, 473755)}
2019-10-03 14:26:06 [scrapy.core.engine] INFO: Spider closed (finished)
